[2016-09-22 13:40:00.351]: entering -- org.netbeans.installer.Installer.main():81
[2016-09-22 13:40:00.355]: initializing the installer engine
[2016-09-22 13:40:00.355]:     entering -- org.netbeans.installer.Installer.<init>():116
[2016-09-22 13:40:00.356]:     ... initializing ErrorHandler
[2016-09-22 13:40:00.357]:     ... end of ErrorHandler initialization
[2016-09-22 13:40:00.357]:     exiting -- org.netbeans.installer.Installer.<init>():116
[2016-09-22 13:40:00.357]:     entering -- org.netbeans.installer.Installer.<init>():117
[2016-09-22 13:40:00.358]:     dumping target system information
[2016-09-22 13:40:00.358]:         system properties:
[2016-09-22 13:40:00.360]:             awt.toolkit => sun.awt.windows.WToolkit
[2016-09-22 13:40:00.360]:             file.encoding => MS949
[2016-09-22 13:40:00.360]:             file.encoding.pkg => sun.io
[2016-09-22 13:40:00.360]:             file.separator => \
[2016-09-22 13:40:00.360]:             java.awt.graphicsenv => sun.awt.Win32GraphicsEnvironment
[2016-09-22 13:40:00.360]:             java.awt.printerjob => sun.awt.windows.WPrinterJob
[2016-09-22 13:40:00.360]:             java.class.path => C:\Users\컴정근로\AppData\Local\Temp\\NBI61069.tmp\bundle.jar
[2016-09-22 13:40:00.360]:             java.class.version => 51.0
[2016-09-22 13:40:00.360]:             java.endorsed.dirs => C:\Users\컴정근로\AppData\Local\Temp\NBI61069.tmp\_jvm\lib\endorsed
[2016-09-22 13:40:00.360]:             java.ext.dirs => C:\Users\컴정근로\AppData\Local\Temp\NBI61069.tmp\_jvm\lib\ext;C:\Windows\Sun\Java\lib\ext
[2016-09-22 13:40:00.361]:             java.home => C:\Users\컴정근로\AppData\Local\Temp\NBI61069.tmp\_jvm
[2016-09-22 13:40:00.361]:             java.io.tmpdir => C:\Users\컴정근로\AppData\Local\Temp\
[2016-09-22 13:40:00.361]:             java.library.path => C:\Users\컴정근로\AppData\Local\Temp\NBI61069.tmp\_jvm\bin;C:\Windows\Sun\Java\bin;C:\Windows\system32;C:\Windows;C:\ProgramData\Oracle\Java\javapath;C:\Windows\system32;C:\Windows;C:\Windows\System32\Wbem;C:\Windows\System32\WindowsPowerShell\v1.0\;C:\Users\컴정근로\.dnx\bin;C:\Program Files\Microsoft DNX\Dnvm\;C:\Program Files\Windows Kits\10\Windows Performance Toolkit\;C:\Program Files\Git\cmd;C:\종합정보;C:\instantclient_10_2;.
[2016-09-22 13:40:00.361]:             java.runtime.name => Java(TM) SE Runtime Environment
[2016-09-22 13:40:00.361]:             java.runtime.version => 1.7.0_71-b14
[2016-09-22 13:40:00.361]:             java.specification.name => Java Platform API Specification
[2016-09-22 13:40:00.361]:             java.specification.vendor => Oracle Corporation
[2016-09-22 13:40:00.361]:             java.specification.version => 1.7
[2016-09-22 13:40:00.361]:             java.vendor => Oracle Corporation
[2016-09-22 13:40:00.361]:             java.vendor.url => http://java.oracle.com/
[2016-09-22 13:40:00.361]:             java.vendor.url.bug => http://bugreport.sun.com/bugreport/
[2016-09-22 13:40:00.361]:             java.version => 1.7.0_71
[2016-09-22 13:40:00.361]:             java.vm.info => mixed mode
[2016-09-22 13:40:00.362]:             java.vm.name => Java HotSpot(TM) Client VM
[2016-09-22 13:40:00.362]:             java.vm.specification.name => Java Virtual Machine Specification
[2016-09-22 13:40:00.362]:             java.vm.specification.vendor => Oracle Corporation
[2016-09-22 13:40:00.362]:             java.vm.specification.version => 1.7
[2016-09-22 13:40:00.362]:             java.vm.vendor => Oracle Corporation
[2016-09-22 13:40:00.362]:             java.vm.version => 24.71-b01
[2016-09-22 13:40:00.362]:             line.separator => 
[2016-09-22 13:40:00.362]:             netbeans.default_cachedir_root => C:\Users\컴정근로\AppData\Local\NetBeans\Cache
[2016-09-22 13:40:00.362]:             netbeans.default_userdir_root => C:\Users\컴정근로\AppData\Roaming\NetBeans
[2016-09-22 13:40:00.363]:             os.arch => x86
[2016-09-22 13:40:00.363]:             os.name => Windows 7
[2016-09-22 13:40:00.363]:             os.version => 6.1
[2016-09-22 13:40:00.363]:             path.separator => ;
[2016-09-22 13:40:00.363]:             sun.arch.data.model => 32
[2016-09-22 13:40:00.363]:             sun.boot.class.path => C:\Users\컴정근로\AppData\Local\Temp\NBI61069.tmp\_jvm\lib\resources.jar;C:\Users\컴정근로\AppData\Local\Temp\NBI61069.tmp\_jvm\lib\rt.jar;C:\Users\컴정근로\AppData\Local\Temp\NBI61069.tmp\_jvm\lib\sunrsasign.jar;C:\Users\컴정근로\AppData\Local\Temp\NBI61069.tmp\_jvm\lib\jsse.jar;C:\Users\컴정근로\AppData\Local\Temp\NBI61069.tmp\_jvm\lib\jce.jar;C:\Users\컴정근로\AppData\Local\Temp\NBI61069.tmp\_jvm\lib\charsets.jar;C:\Users\컴정근로\AppData\Local\Temp\NBI61069.tmp\_jvm\lib\jfr.jar;C:\Users\컴정근로\AppData\Local\Temp\NBI61069.tmp\_jvm\classes
[2016-09-22 13:40:00.363]:             sun.boot.library.path => C:\Users\컴정근로\AppData\Local\Temp\NBI61069.tmp\_jvm\bin
[2016-09-22 13:40:00.363]:             sun.cpu.endian => little
[2016-09-22 13:40:00.363]:             sun.cpu.isalist => pentium_pro+mmx pentium_pro pentium+mmx pentium i486 i386 i86
[2016-09-22 13:40:00.363]:             sun.desktop => windows
[2016-09-22 13:40:00.363]:             sun.io.unicode.encoding => UnicodeLittle
[2016-09-22 13:40:00.363]:             sun.java.command => org.netbeans.installer.Installer
[2016-09-22 13:40:00.364]:             sun.java.launcher => SUN_STANDARD
[2016-09-22 13:40:00.364]:             sun.jnu.encoding => MS949
[2016-09-22 13:40:00.364]:             sun.management.compiler => HotSpot Client Compiler
[2016-09-22 13:40:00.364]:             sun.os.patch.level => Service Pack 1
[2016-09-22 13:40:00.364]:             user.country => KR
[2016-09-22 13:40:00.364]:             user.dir => C:\Users\컴정근로\Desktop\다운로드
[2016-09-22 13:40:00.364]:             user.home => C:\Users\컴정근로
[2016-09-22 13:40:00.364]:             user.language => ko
[2016-09-22 13:40:00.364]:             user.name => 컴정근로
[2016-09-22 13:40:00.364]:             user.script => 
[2016-09-22 13:40:00.364]:             user.timezone => Asia/Seoul
[2016-09-22 13:40:00.364]:             user.variant => 
[2016-09-22 13:40:00.364]:     ... end of target system information
[2016-09-22 13:40:00.365]:     exiting -- org.netbeans.installer.Installer.<init>():117
[2016-09-22 13:40:00.398]:     loading jni library
[2016-09-22 13:40:00.398]:         library resource path: native/jnilib/windows/windows-x86.dll
[2016-09-22 13:40:00.722]:         library file path: C:\Users\컴정근로\AppData\Local\Temp\nbi-7373194246798303870.tmp
[2016-09-22 13:40:00.731]:         ... successfully loaded the library
[2016-09-22 13:40:00.737]:     entering -- org.netbeans.installer.Installer.<init>():122
[2016-09-22 13:40:00.738]:     parsing command-line arguments
[2016-09-22 13:40:00.740]:         ... no command line arguments were specified
[2016-09-22 13:40:00.740]:     ... finished parsing command line arguments
[2016-09-22 13:40:00.740]:     exiting -- org.netbeans.installer.Installer.<init>():122
[2016-09-22 13:40:00.740]:     entering -- org.netbeans.installer.Installer.<init>():123
[2016-09-22 13:40:00.740]:     loading engine properties
[2016-09-22 13:40:00.740]:         loading engine properties
[2016-09-22 13:40:00.742]:             loading nbi.wizard.ui.swing.frame.minimum.width.metal => 624
[2016-09-22 13:40:00.742]:             loading nbi.wizard.ui.swing.frame.height.default => 500
[2016-09-22 13:40:00.742]:             loading nbi.product.remove.corrupted.products.silently => true
[2016-09-22 13:40:00.742]:             loading nbi.wizard.ui.swing.frame.head.right.image => resource:org/netbeans/installer/wizard/wizard-title-right.png
[2016-09-22 13:40:00.742]:             loading nbi.wizard.ui.swing.frame.resizable => false
[2016-09-22 13:40:00.742]:             loading nbi.wizard.ui.swing.frame.minimum.width.win.xp => 600
[2016-09-22 13:40:00.742]:             loading nbi.wizard.ui.swing.frame.minimum.height.gtk => 528
[2016-09-22 13:40:00.742]:             loading nbi.wizard.ui.swing.frame.width.win.xp => 600
[2016-09-22 13:40:00.742]:             loading nbi.wizard.ui.swing.frame.minimum.height.motif => 472
[2016-09-22 13:40:00.742]:             loading nbi.macosx.application.directory.name => NetBeans IDE Installer
[2016-09-22 13:40:00.742]:             loading nbi.wizard.ui.swing.frame.title.prefix => Java SE Development Kit and NetBeans IDE Installer
[2016-09-22 13:40:00.743]:             loading nbi.overall.license.mysql.resource => org/netbeans/installer/product/components/netbeans-license-mysql.txt
[2016-09-22 13:40:00.743]:             loading nbi.wizard.ui.swing.frame.minimum.width.nimbus => 624
[2016-09-22 13:40:00.743]:             loading nbi.wizard.ui.swing.frame.minimum.height.metal => 472
[2016-09-22 13:40:00.743]:             loading nbi.wizard.ui.swing.frame.height.motif => 472
[2016-09-22 13:40:00.743]:             loading nbi.wizard.ui.swing.frame.minimum.width.gtk => 704
[2016-09-22 13:40:00.743]:             loading nbi.junit.license.resource => org/netbeans/installer/product/components/junit-license.txt
[2016-09-22 13:40:00.743]:             loading nbi.wizard.ui.swing.frame.width.motif => 624
[2016-09-22 13:40:00.743]:             loading nbi.wizard.ui.swing.frame.minimum.height.win.classic => 472
[2016-09-22 13:40:00.743]:             loading NWP.welcome.page.type => bundledproduct
[2016-09-22 13:40:00.743]:             loading nbi.wizard.ui.swing.frame.height.aqua => 480
[2016-09-22 13:40:00.743]:             loading nbi.wizard.ui.swing.frame.minimum.width.default => 600
[2016-09-22 13:40:00.743]:             loading nbi.wizard.ui.swing.frame.minimum.width.win.classic => 588
[2016-09-22 13:40:00.743]:             loading nbi.wizard.ui.swing.frame.minimum.height.default => 500
[2016-09-22 13:40:00.743]:             loading nbi.wizard.ui.swing.welcome.background.image => resource:org/netbeans/installer/wizard/components/panels/netbeans/resources/welcome-left-background.png
[2016-09-22 13:40:00.743]:             loading nbi.wizard.ui.swing.frame.head.left.image => resource:org/netbeans/installer/wizard/wizard-title-left.png
[2016-09-22 13:40:00.743]:             loading nbi.wizard.ui.swing.frame.width.default => 600
[2016-09-22 13:40:00.743]:             loading nbi.wizard.ui.swing.frame.height.win.classic => 472
[2016-09-22 13:40:00.743]:             loading nbi.wizard.ui.swing.frame.height.nimbus => 512
[2016-09-22 13:40:00.744]:             loading nbi.wizard.ui.swing.frame.title.pattern => {0}
[2016-09-22 13:40:00.744]:             loading nbi.wizard.ui.swing.frame.width.nimbus => 624
[2016-09-22 13:40:00.744]:             loading nbi.wizard.ui.swing.frame.height.win.xp => 472
[2016-09-22 13:40:00.744]:             loading NWP.welcome.page.bundledproduct.name => jdk
[2016-09-22 13:40:00.744]:             loading nbi.wizard.ui.swing.frame.icon => resource:org/netbeans/installer/wizard/wizard-icon.ico
[2016-09-22 13:40:00.744]:             loading nbi.overall.license.jdk6.resource => org/netbeans/installer/product/components/netbeans-license-jdk6.txt
[2016-09-22 13:40:00.744]:             loading nbi.wizard.ui.swing.frame.minimum.height.win.xp => 472
[2016-09-22 13:40:00.744]:             loading nbi.wizard.ui.swing.frame.width.aqua => 640
[2016-09-22 13:40:00.744]:             loading nbi.wizard.ui.swing.frame.minimum.width.motif => 624
[2016-09-22 13:40:00.744]:             loading nbi.overall.license.jdk5.resource => org/netbeans/installer/product/components/netbeans-license-jdk5.txt
[2016-09-22 13:40:00.744]:             loading nbi.wizard.ui.swing.frame.height.metal => 472
[2016-09-22 13:40:00.744]:             loading nbi.wizard.ui.swing.frame.width.metal => 624
[2016-09-22 13:40:00.744]:             loading nbi.wizard.ui.swing.frame.minimum.height.aqua => 480
[2016-09-22 13:40:00.744]:             loading nbi.wizard.ui.swing.frame.minimum.width.aqua => 640
[2016-09-22 13:40:00.744]:             loading nbi.wizard.ui.swing.frame.height.gtk => 528
[2016-09-22 13:40:00.744]:             loading nbi.wizard.ui.swing.frame.width.win.classic => 588
[2016-09-22 13:40:00.744]:             loading nbi.product.suggest.install => true
[2016-09-22 13:40:00.744]:             loading nbi.wizard.ui.swing.frame.width.gtk => 704
[2016-09-22 13:40:00.744]:             loading nbi.wizard.ui.swing.frame.minimum.height.nimbus => 512
[2016-09-22 13:40:00.744]:     ... finished loading engine properties
[2016-09-22 13:40:00.745]:     exiting -- org.netbeans.installer.Installer.<init>():123
[2016-09-22 13:40:00.745]:     initializing the local directory
[2016-09-22 13:40:00.745]:         ... custom local directory was not specified, using the default
[2016-09-22 13:40:00.745]:         ... local directory: C:\Users\컴정근로\.nbi
[2016-09-22 13:40:00.745]:     ... finished initializing local directory
[2016-09-22 13:40:00.757]:     entering -- org.netbeans.installer.Installer.<init>():129
[2016-09-22 13:40:00.757]:     ... initializing DownloadManager
[2016-09-22 13:40:00.769]:         file not exist, queue is empty!
[2016-09-22 13:40:00.776]:     ... end of initializing DownloadManager
[2016-09-22 13:40:00.776]:     exiting -- org.netbeans.installer.Installer.<init>():129
[2016-09-22 13:40:00.776]:     entering -- org.netbeans.installer.Installer.<init>():130
[2016-09-22 13:40:00.776]:     ... initializing Registry
[2016-09-22 13:40:00.789]:     ... end of initializing ErrorHandler
[2016-09-22 13:40:00.789]:     exiting -- org.netbeans.installer.Installer.<init>():130
[2016-09-22 13:40:00.790]:     entering -- org.netbeans.installer.Installer.<init>():131
[2016-09-22 13:40:00.790]:     ... initializing Wizard
[2016-09-22 13:40:00.991]:         ... loading registry from resource:data/registry.xml
[2016-09-22 13:40:01.078]:         entering -- org.netbeans.installer.product.Registry.loadProductRegistry():1001
[2016-09-22 13:40:01.078]:         validating previous installations
[2016-09-22 13:40:01.079]:         ... validating installations finished
[2016-09-22 13:40:01.079]:         exiting -- org.netbeans.installer.product.Registry.loadProductRegistry():1001
[2016-09-22 13:40:01.099]:         Can`t load message in bundle org.netbeans.installer.wizard.components.panels.netbeans.Bundle for key NPrISP.installation.folders using [sun.misc.Launcher$AppClassLoader@1660d22] classloader
[2016-09-22 13:40:01.116]:     ... end of initializing Wizard
[2016-09-22 13:40:01.116]:     exiting -- org.netbeans.installer.Installer.<init>():131
[2016-09-22 13:40:01.117]:     creating lock file
[2016-09-22 13:40:01.118]:         ... created lock file: C:\Users\컴정근로\.nbi\.nbilock
[2016-09-22 13:40:01.118]:     finished creating lock file
[2016-09-22 13:40:01.118]: ... finished initializing the engine
[2016-09-22 13:40:01.118]: exiting -- org.netbeans.installer.Installer.main():81
[2016-09-22 13:40:01.118]: entering -- org.netbeans.installer.Installer.main():81
[2016-09-22 13:40:01.118]: starting the installer
[2016-09-22 13:40:01.123]:     ... initializing look and feel
[2016-09-22 13:40:01.123]:         ... custom look and feel class name was not specified, using system default
[2016-09-22 13:40:01.182]:         ... class name: com.sun.java.swing.plaf.windows.WindowsLookAndFeel
[2016-09-22 13:40:01.182]:         ... get installed L&Fs
[2016-09-22 13:40:01.204]:         ... set specified L&F
[2016-09-22 13:40:01.224]:         ... check headless
[2016-09-22 13:40:01.224]:         ... creating JFileChooser object to check possible issues with UI
[2016-09-22 13:40:03.765]:         ... getting default Toolkit to check possible issues with UI
[2016-09-22 13:40:03.765]:         ... creating JProgressBar object to check possible issues with UI
[2016-09-22 13:40:03.768]:         ... all UI checks done
[2016-09-22 13:40:03.769]:         ... L&F is set
[2016-09-22 13:40:03.769]:     ... initializing L&F finished
[2016-09-22 13:40:03.910]:     NameResolver - to parse &Help!
[2016-09-22 13:40:03.912]:     NameResolver - to parse < &Back
[2016-09-22 13:40:03.914]:     NameResolver - to parse &Next >
[2016-09-22 13:40:03.915]:     NameResolver - to parse Cancel
[2016-09-22 13:40:03.916]:     NameResolver - to parse Configuring the Installer...
[2016-09-22 13:40:03.917]:     NameResolver - to parse Configuring the Installer...
[2016-09-22 13:40:03.923]:     NameResolver - to parse Configuring the Installer...
[2016-09-22 13:40:03.923]:     NameResolver - to parse Configuring the Installer...
[2016-09-22 13:40:03.924]:     NameResolver - to parse Please wait while Java SE Development Kit and NetBeans IDE installer initializes
[2016-09-22 13:40:03.940]:     NameResolver - to parse Configuring the Installer...
[2016-09-22 13:40:03.941]:     NameResolver - to parse Please wait while Java SE Development Kit and NetBeans IDE installer initializes
[2016-09-22 13:40:03.942]: ... finished starting the installer
[2016-09-22 13:40:03.942]: exiting -- org.netbeans.installer.Installer.main():81
[2016-09-22 13:40:03.943]: NameResolver - to parse Configuring the Installer...
[2016-09-22 13:40:03.944]: entering -- org.netbeans.installer.wizard.components.actions.InitializeRegistryAction.execute():73
[2016-09-22 13:40:03.944]: initializing product registry
[2016-09-22 13:40:03.945]:     entering -- org.netbeans.installer.product.Registry.initializeRegistry():190
[2016-09-22 13:40:03.945]:     initializing product registry properties
[2016-09-22 13:40:03.945]:         initializing local product cache directory
[2016-09-22 13:40:03.945]:         ... C:\Users\컴정근로\.nbi\product-cache
[2016-09-22 13:40:03.946]:         initializing local product registry file
[2016-09-22 13:40:03.946]:             ... C:\Users\컴정근로\.nbi\registry.xml
[2016-09-22 13:40:03.946]:             initializing local product registry stub uri
[2016-09-22 13:40:03.946]:             ... resource:org/netbeans/installer/product/default-registry.xml
[2016-09-22 13:40:03.947]:             initializing bundled product registry uri
[2016-09-22 13:40:03.947]:             ... resource:data/registry.xml
[2016-09-22 13:40:03.947]:             initializing product registry schema uri
[2016-09-22 13:40:03.947]:             ... resource:org/netbeans/installer/product/registry.xsd
[2016-09-22 13:40:03.947]:             initializing remote product registries uris
[2016-09-22 13:40:03.947]:             initializing state file schema uri
[2016-09-22 13:40:03.947]:             ... resource:org/netbeans/installer/product/state-file.xsd
[2016-09-22 13:40:03.948]:             initializing default state file uri
[2016-09-22 13:40:03.948]:             ... resource:org/netbeans/installer/product/default-state-file.xml
[2016-09-22 13:40:03.948]:             initializing target platform
[2016-09-22 13:40:03.948]:             ... windows-x86
[2016-09-22 13:40:03.948]:     initializing product registry properties
[2016-09-22 13:40:03.949]:     exiting -- org.netbeans.installer.product.Registry.initializeRegistry():190
[2016-09-22 13:40:03.951]:     ... loading registry from file:/C:/Users/컴정근로/.nbi/registry.xml
[2016-09-22 13:40:04.017]:     entering -- org.netbeans.installer.product.Registry.loadProductRegistry():1001
[2016-09-22 13:40:04.018]:     validating previous installations
[2016-09-22 13:40:04.049]:         NameResolver - to parse C:\Program Files\NetBeans 8.1
[2016-09-22 13:40:04.056]:         NameResolver - to parse C:\Program Files\NetBeans 8.1
[2016-09-22 13:40:04.061]:         NameResolver - to parse C:\Program Files\NetBeans 8.1
[2016-09-22 13:40:04.063]:     ... validating installations finished
[2016-09-22 13:40:04.063]:     exiting -- org.netbeans.installer.product.Registry.loadProductRegistry():1001
[2016-09-22 13:40:04.064]:     ... loading registry from resource:data/registry.xml
[2016-09-22 13:40:04.102]:     entering -- org.netbeans.installer.product.Registry.loadProductRegistry():1001
[2016-09-22 13:40:04.102]:     validating previous installations
[2016-09-22 13:40:04.102]:         NameResolver - to parse C:\Program Files\NetBeans 8.1
[2016-09-22 13:40:04.104]:         NameResolver - to parse C:\Program Files\NetBeans 8.1
[2016-09-22 13:40:04.105]:         NameResolver - to parse C:\Program Files\NetBeans 8.1
[2016-09-22 13:40:04.107]:     ... validating installations finished
[2016-09-22 13:40:04.107]:     exiting -- org.netbeans.installer.product.Registry.loadProductRegistry():1001
[2016-09-22 13:40:04.108]: ... product registry initialization complete
[2016-09-22 13:40:04.108]: exiting -- org.netbeans.installer.wizard.components.actions.InitializeRegistryAction.execute():73
[2016-09-22 13:40:04.109]: NameResolver - to parse Extracting configuration logic for {0}
[2016-09-22 13:40:04.317]: ... checking if JDK 1.8.0_101 is already installed
[2016-09-22 13:40:04.317]: ... cannot find key for this Java
[2016-09-22 13:40:04.318]: ... checking if JDK 1.8.0_101 is already installed
[2016-09-22 13:40:04.318]: ... cannot find key for this Java
[2016-09-22 13:40:04.318]: ... bundledProductSkip = null
[2016-09-22 13:40:04.318]: ... bundledProductToInstall = JDK 8 Update 101
[2016-09-22 13:40:04.319]: ... NetBeans is already installed, install only bundled product
[2016-09-22 13:40:04.346]: NameResolver - to parse resource:org/netbeans/installer/wizard/components/panels/netbeans/resources/welcome-left-background.png
[2016-09-22 13:40:04.365]: NameResolver - to parse &Help!
[2016-09-22 13:40:04.365]: NameResolver - to parse < &Back
[2016-09-22 13:40:04.366]: NameResolver - to parse &Next >
[2016-09-22 13:40:04.366]: NameResolver - to parse Cancel
[2016-09-22 13:40:04.367]: NameResolver - to parse <html><h2 style="color: #000000; bold">Welcome to the {0} and NetBeans IDE 8.1 Installer</h2>
[2016-09-22 13:40:04.368]: NameResolver - to parse The installer will install the {0} and NetBeans IDE.<br>
[2016-09-22 13:40:04.368]: NameResolver - to parse </html>
[2016-09-22 13:40:04.368]: NameResolver - to parse text/html
[2016-09-22 13:40:04.374]: NameResolver - to parse <html>
[2016-09-22 13:40:04.374]: NameResolver - to parse NetBeans IDE 8.1 is already installed.<br>Click next if you want to proceed with JDK 8 Update 101 installation.
[2016-09-22 13:40:04.375]: NameResolver - to parse NetBeans IDE 8.1 is already installed.<br>Click next if you want to proceed with JDK 8 Update 101 installation.
[2016-09-22 13:40:04.375]: NameResolver - to parse text/html
[2016-09-22 13:40:04.380]: NameResolver - to parse <html>
[2016-09-22 13:40:04.381]: NameResolver - to parse </html>
[2016-09-22 13:40:04.381]: NameResolver - to parse text/html
[2016-09-22 13:40:04.384]: NameResolver - to parse &Customize...
[2016-09-22 13:40:04.389]: NameResolver - to parse Installation Size: {0}
[2016-09-22 13:40:04.392]: NameResolver - to parse Insufficient disk space for extracting the installation data. Additional {1} is required in {0}.
[2016-09-22 13:40:04.416]: NameResolver - to parse Insufficient disk space for extracting the installation data. Additional {1} is required in {0}.
[2016-09-22 13:40:04.435]: NameResolver - to parse <dummy description>
[2016-09-22 13:40:06.436]: NameResolver - to parse Insufficient disk space for extracting the installation data. Additional {1} is required in {0}.
[2016-09-22 13:40:08.437]: NameResolver - to parse Insufficient disk space for extracting the installation data. Additional {1} is required in {0}.
[2016-09-22 13:40:10.438]: NameResolver - to parse Insufficient disk space for extracting the installation data. Additional {1} is required in {0}.
[2016-09-22 13:40:11.171]: NameResolver - to parse Insufficient disk space for extracting the installation data. Additional {1} is required in {0}.
[2016-09-22 13:40:11.174]: NameResolver - to parse $N{install}/Java/jdk1.8.0_101
[2016-09-22 13:40:11.174]:       --- parsed to C:\Program Files/Java/jdk1.8.0_101
[2016-09-22 13:40:11.175]: NameResolver - to parse C:\Program Files\Java\jdk1.8.0_101
[2016-09-22 13:40:11.287]: NameResolver - to parse &Help!
[2016-09-22 13:40:11.288]: NameResolver - to parse < &Back
[2016-09-22 13:40:11.288]: NameResolver - to parse &Next >
[2016-09-22 13:40:11.289]: NameResolver - to parse Cancel
[2016-09-22 13:40:11.289]: NameResolver - to parse &Install the JDK™ to:
[2016-09-22 13:40:11.289]: NameResolver - to parse B&rowse...
[2016-09-22 13:40:11.299]: NameResolver - to parse Java SE Developer Kit (JDK) 8 Update 101 Installation
[2016-09-22 13:40:11.300]: NameResolver - to parse Java SE Developer Kit (JDK) 8 Update 101 Installation
[2016-09-22 13:40:11.302]: NameResolver - to parse Java SE Developer Kit (JDK) 8 Update 101 Installation
[2016-09-22 13:40:11.302]: NameResolver - to parse Java SE Developer Kit (JDK) 8 Update 101 Installation
[2016-09-22 13:40:11.303]: NameResolver - to parse Choose the installation folder for JDK
[2016-09-22 13:40:11.307]: NameResolver - to parse Java SE Developer Kit (JDK) 8 Update 101 Installation
[2016-09-22 13:40:11.308]: NameResolver - to parse Choose the installation folder for JDK
[2016-09-22 13:40:12.295]: NameResolver - to parse C:\Program Files\Java\jdk1.8.0_101
[2016-09-22 13:40:12.315]: NameResolver - to parse &Help!
[2016-09-22 13:40:12.316]: NameResolver - to parse < &Back
[2016-09-22 13:40:12.316]: NameResolver - to parse &Install
[2016-09-22 13:40:12.317]: NameResolver - to parse Cancel
[2016-09-22 13:40:12.317]: NameResolver - to parse &Install
[2016-09-22 13:40:12.318]: NameResolver - to parse {0} Installation Folder:
[2016-09-22 13:40:12.326]: NameResolver - to parse C:\Program Files\Java\jdk1.8.0_101
[2016-09-22 13:40:12.327]: NameResolver - to parse The following components will be uninstalled:
[2016-09-22 13:40:12.328]: NameResolver - to parse Total Installation Size:
[2016-09-22 13:40:12.328]: NameResolver - to parse Total Download Size:
[2016-09-22 13:40:12.332]: NameResolver - to parse C:\Program Files\Java\jdk1.8.0_101
[2016-09-22 13:40:12.333]: Roots : A:\, C:\, D:\
[2016-09-22 13:40:12.333]: NameResolver - to parse C:\Program Files\Java\jdk1.8.0_101
[2016-09-22 13:40:12.334]:     [C:\] <- C:\Program Files\Java\jdk1.8.0_101
[2016-09-22 13:40:12.336]: NameResolver - to parse Summary
[2016-09-22 13:40:12.336]: NameResolver - to parse Summary
[2016-09-22 13:40:12.339]: NameResolver - to parse C:\Program Files\Java\jdk1.8.0_101
[2016-09-22 13:40:12.339]: Roots : A:\, C:\, D:\
[2016-09-22 13:40:12.339]: NameResolver - to parse Summary
[2016-09-22 13:40:12.339]: NameResolver - to parse C:\Program Files\Java\jdk1.8.0_101
[2016-09-22 13:40:12.340]: NameResolver - to parse Summary
[2016-09-22 13:40:12.340]:     [C:\] <- C:\Program Files\Java\jdk1.8.0_101
[2016-09-22 13:40:12.340]: NameResolver - to parse Click Install to start the installation.
[2016-09-22 13:40:12.348]: NameResolver - to parse Summary
[2016-09-22 13:40:12.348]: NameResolver - to parse Click Install to start the installation.
[2016-09-22 13:40:14.227]: NameResolver - to parse C:\Program Files\Java\jdk1.8.0_101
[2016-09-22 13:40:14.227]: Roots : A:\, C:\, D:\
[2016-09-22 13:40:14.227]: NameResolver - to parse C:\Program Files\Java\jdk1.8.0_101
[2016-09-22 13:40:14.228]:     [C:\] <- C:\Program Files\Java\jdk1.8.0_101
[2016-09-22 13:40:14.229]: NameResolver - to parse &Help!
[2016-09-22 13:40:14.230]: NameResolver - to parse < &Back
[2016-09-22 13:40:14.230]: NameResolver - to parse &Next >
[2016-09-22 13:40:14.231]: NameResolver - to parse Cancel
[2016-09-22 13:40:14.233]: NameResolver - to parse Preparing Installation Data...
[2016-09-22 13:40:14.233]: NameResolver - to parse Preparing Installation Data...
[2016-09-22 13:40:14.234]: NameResolver - to parse Preparing Installation Data...
[2016-09-22 13:40:14.234]: NameResolver - to parse Preparing Installation Data...
[2016-09-22 13:40:14.235]: NameResolver - to parse Please wait while the wizard prepares the installation data.
[2016-09-22 13:40:14.238]: NameResolver - to parse Preparing Installation Data...
[2016-09-22 13:40:14.238]: NameResolver - to parse Please wait while the wizard prepares the installation data.
[2016-09-22 13:40:14.246]: entering -- org.netbeans.installer.wizard.components.WizardAction$1.run():123
[2016-09-22 13:40:14.246]: getting all installation data
[2016-09-22 13:40:14.247]:     NameResolver - to parse Extracting installation data for {0}
[2016-09-22 13:40:16.518]: ... finished getting of the installation data
[2016-09-22 13:40:16.518]: exiting -- org.netbeans.installer.wizard.components.WizardAction$1.run():123
[2016-09-22 13:40:16.519]: NameResolver - to parse &Help!
[2016-09-22 13:40:16.519]: NameResolver - to parse < &Back
[2016-09-22 13:40:16.520]: NameResolver - to parse &Next >
[2016-09-22 13:40:16.520]: NameResolver - to parse Cancel
[2016-09-22 13:40:16.521]: NameResolver - to parse Installation
[2016-09-22 13:40:16.521]: NameResolver - to parse Installation
[2016-09-22 13:40:16.522]: NameResolver - to parse Installation
[2016-09-22 13:40:16.522]: NameResolver - to parse Installation
[2016-09-22 13:40:16.522]: NameResolver - to parse Please wait while the installer installs NetBeans IDE and runtimes.
[2016-09-22 13:40:16.525]: NameResolver - to parse Installation
[2016-09-22 13:40:16.525]: NameResolver - to parse Please wait while the installer installs NetBeans IDE and runtimes.
[2016-09-22 13:40:16.527]: Start products installation
[2016-09-22 13:40:16.528]:     NameResolver - to parse Installing {0}...
[2016-09-22 13:40:16.529]:     Start installation of JDK 8 Update 101(jdk/1.8.0.101.1332)
[2016-09-22 13:40:16.530]:         NameResolver - to parse C:\Program Files\Java\jdk1.8.0_101
[2016-09-22 13:40:16.530]:         NameResolver - to parse C:\Program Files\Java\jdk1.8.0_101
[2016-09-22 13:40:16.531]:         NameResolver - to parse C:\Program Files\Java\jdk1.8.0_101
[2016-09-22 13:40:16.531]:         NameResolver - to parse C:\Program Files\Java\jdk1.8.0_101
[2016-09-22 13:40:16.532]:         ... extracting files from the data archives
[2016-09-22 13:40:16.532]:         NameResolver - to parse C:\Program Files\Java\jdk1.8.0_101
[2016-09-22 13:40:16.547]:         deleting file: C:\Users\컴정근로\AppData\Local\Temp\nbi-4421281552889140850.tmp
[2016-09-22 13:40:16.551]:         extracting C:\Program Files\Java\jdk1.8.0_101\jdk-8u101-windows-i586.exe
[2016-09-22 13:40:18.923]:         deleting file: C:\Users\컴정근로\.nbi\tmp\data,1.jar
[2016-09-22 13:40:19.906]:         ... saving legal artifacts if required
[2016-09-22 13:40:19.914]:         ... running installation logic
[2016-09-22 13:40:19.914]:         NameResolver - to parse C:\Program Files\Java\jdk1.8.0_101
[2016-09-22 13:40:19.914]:         ... checking if JDK 1.8.0_101 is already installed
[2016-09-22 13:40:19.915]:         ... cannot find key for this Java
[2016-09-22 13:40:19.915]:         ... checking if JDK 1.8.0_101 is already installed
[2016-09-22 13:40:19.915]:         ... cannot find key for this Java
[2016-09-22 13:40:19.916]:         ... perform full silent installation
[2016-09-22 13:40:19.917]:         ... JDK installation log file : C:\Users\컴정근로\.nbi\log\20160922134000_jdk_install.log
[2016-09-22 13:40:19.918]:         Installing JDK with exe installer
[2016-09-22 13:40:19.935]:         executing command: C:\Users\컴정근로\AppData\Local\Temp\pathConverter.cmd, in directory: .
[2016-09-22 13:40:20.187]:             [stdout]: C:\PROGRA~1\Java\JDK18~1.0_1
[2016-09-22 13:40:20.187]:             [return]: 0
[2016-09-22 13:40:20.188]:         ... command execution finished
[2016-09-22 13:40:20.188]:         deleting file: C:\Users\컴정근로\AppData\Local\Temp\pathConverter.cmd
[2016-09-22 13:40:20.199]:         ... tempdir : C:\Users\컴정근로\AppData\Local\Temp\nbi-2124700961702320673.tmp
[2016-09-22 13:40:20.199]:         NameResolver - to parse $E{ProgramFiles}
[2016-09-22 13:40:20.200]:         NameResolver - to parse $E{ProgramFiles}\Sun\JavaDB
[2016-09-22 13:40:20.202]:         ... new ProgressThread created
[2016-09-22 13:40:20.566]:         ... directories : C:\Program Files\Java\jdk1.8.0_101, C:\Users\컴정근로\AppData\Local\Temp\nbi-2124700961702320673.tmp, C:\Program Files\Java\jre7, C:\Program Files\Sun\JavaDB
[2016-09-22 13:40:20.566]:         ...   initial : 197466680
[2016-09-22 13:40:20.566]:         ...     delta : 525868524
[2016-09-22 13:40:20.566]:         executing command: C:\Program Files\Java\jdk1.8.0_101\jdk-8u101-windows-i586.exe /s /qn /lv C:\Users\컴정근로\.nbi\log\20160922134000_jdk_install.log INSTALLDIR=C:\PROGRA~1\Java\JDK18~1.0_1 REBOOT=ReallySuppress, in directory: C:\Program Files\Java\jdk1.8.0_101
[2016-09-22 13:40:20.581]:             ... progress thread started
[2016-09-22 13:40:38.955]:             [return]: 1622
[2016-09-22 13:40:38.959]:         ... command execution finished
[2016-09-22 13:40:39.564]:         ... configuring JRE Product
[2016-09-22 13:40:39.564]:         ... checking if JDK 1.8.0_101 is already installed
[2016-09-22 13:40:39.564]:         ... cannot find key for this Java
[2016-09-22 13:40:39.565]:         deleting file: C:\Program Files\Java\jdk1.8.0_101\jdk-8u101-windows-i586.exe
[2016-09-22 13:40:39.565]:         ... progress thread finished
[2016-09-22 13:40:39.627]:         org.netbeans.installer.utils.exceptions.InstallationException: JDK installation finished with error code 1622
[2016-09-22 13:40:39.628]:         	at org.netbeans.installer.products.jdk.ConfigurationLogic.install(ConfigurationLogic.java:225)
[2016-09-22 13:40:39.628]:         	at org.netbeans.installer.product.components.Product.install(Product.java:358)
[2016-09-22 13:40:39.628]:         	at org.netbeans.installer.wizard.components.actions.InstallAction.execute(InstallAction.java:155)
[2016-09-22 13:40:39.628]:         	at org.netbeans.installer.wizard.components.WizardAction$1.run(WizardAction.java:123)
[2016-09-22 13:40:39.628]:         NameResolver - to parse Canceling, rolling back {0}...
[2016-09-22 13:40:39.630]:         Start rollback of JDK 8 Update 101(jdk/1.8.0.101.1332)
[2016-09-22 13:40:39.631]:             ... running uninstallation logic
[2016-09-22 13:40:39.632]:             NameResolver - to parse C:\Program Files\Java\jdk1.8.0_101
[2016-09-22 13:40:39.633]:             ... deleting installed files
[2016-09-22 13:40:39.635]:             deleting file: C:\Program Files\Java\jdk1.8.0_101\jdk-8u101-windows-i586.exe
[2016-09-22 13:40:39.636]:                 ... file does not exist
[2016-09-22 13:40:39.638]:             deleting directory: C:\Program Files\Java\jdk1.8.0_101
[2016-09-22 13:40:39.639]:         ... finished rollbacking of JDK 8 Update 101(jdk/1.8.0.101.1332)
[2016-09-22 13:40:39.639]:         org.netbeans.installer.utils.exceptions.InstallationException: JDK installation finished with error code 1622
[2016-09-22 13:40:39.640]:         	at org.netbeans.installer.products.jdk.ConfigurationLogic.install(ConfigurationLogic.java:225)
[2016-09-22 13:40:39.640]:         	at org.netbeans.installer.product.components.Product.install(Product.java:358)
[2016-09-22 13:40:39.640]:         	at org.netbeans.installer.wizard.components.actions.InstallAction.execute(InstallAction.java:155)
[2016-09-22 13:40:39.640]:         	at org.netbeans.installer.wizard.components.WizardAction$1.run(WizardAction.java:123)
[2016-09-22 13:40:39.640]:     ... finished products installation
[2016-09-22 13:40:39.663]:     Checking if java.awt.Desktop.getDesktop().browse() functionality is supported
[2016-09-22 13:40:39.669]:     NameResolver - to parse &Help!
[2016-09-22 13:40:39.670]:     NameResolver - to parse < &Back
[2016-09-22 13:40:39.671]:     NameResolver - to parse &Finish
[2016-09-22 13:40:39.671]:     NameResolver - to parse Cancel
[2016-09-22 13:40:39.672]:     NameResolver - to parse &Finish
[2016-09-22 13:40:39.674]:     NameResolver - to parse text/html
[2016-09-22 13:40:39.676]:     NameResolver - to parse <html><span color="red"><b>Installation of {1} was not completed.</b></span><br><br>Try to run installer again or consult the installation log file for more details:<br>{0}</span></html>
[2016-09-22 13:40:39.685]:     NameResolver - to parse Setup Complete
[2016-09-22 13:40:39.685]:     NameResolver - to parse Setup Complete
[2016-09-22 13:40:39.686]:     NameResolver - to parse Setup Complete
[2016-09-22 13:40:39.687]:     NameResolver - to parse Setup Complete
[2016-09-22 13:40:39.687]:     NameResolver - to parse Click Finish to finish the NetBeans IDE setup.
[2016-09-22 13:40:39.697]:     NameResolver - to parse Setup Complete
[2016-09-22 13:40:39.697]:     NameResolver - to parse Click Finish to finish the NetBeans IDE setup.
