[2016-09-22 14:25:35.902]: entering -- org.netbeans.installer.Installer.main():81
[2016-09-22 14:25:36.001]: initializing the installer engine
[2016-09-22 14:25:36.001]:     entering -- org.netbeans.installer.Installer.<init>():116
[2016-09-22 14:25:36.001]:     ... initializing ErrorHandler
[2016-09-22 14:25:36.003]:     ... end of ErrorHandler initialization
[2016-09-22 14:25:36.003]:     exiting -- org.netbeans.installer.Installer.<init>():116
[2016-09-22 14:25:36.003]:     entering -- org.netbeans.installer.Installer.<init>():117
[2016-09-22 14:25:36.003]:     dumping target system information
[2016-09-22 14:25:36.004]:         system properties:
[2016-09-22 14:25:36.007]:             awt.toolkit => sun.awt.windows.WToolkit
[2016-09-22 14:25:36.007]:             file.encoding => MS949
[2016-09-22 14:25:36.007]:             file.encoding.pkg => sun.io
[2016-09-22 14:25:36.007]:             file.separator => \
[2016-09-22 14:25:36.007]:             java.awt.graphicsenv => sun.awt.Win32GraphicsEnvironment
[2016-09-22 14:25:36.008]:             java.awt.printerjob => sun.awt.windows.WPrinterJob
[2016-09-22 14:25:36.008]:             java.class.path => C:\Users\컴정근로\AppData\Local\Temp\\NBI11921.tmp\bundle.jar
[2016-09-22 14:25:36.008]:             java.class.version => 51.0
[2016-09-22 14:25:36.008]:             java.endorsed.dirs => C:\Users\컴정근로\AppData\Local\Temp\NBI11921.tmp\_jvm\lib\endorsed
[2016-09-22 14:25:36.008]:             java.ext.dirs => C:\Users\컴정근로\AppData\Local\Temp\NBI11921.tmp\_jvm\lib\ext;C:\Windows\Sun\Java\lib\ext
[2016-09-22 14:25:36.008]:             java.home => C:\Users\컴정근로\AppData\Local\Temp\NBI11921.tmp\_jvm
[2016-09-22 14:25:36.008]:             java.io.tmpdir => C:\Users\컴정근로\AppData\Local\Temp\
[2016-09-22 14:25:36.008]:             java.library.path => C:\Users\컴정근로\AppData\Local\Temp\NBI11921.tmp\_jvm\bin;C:\Windows\Sun\Java\bin;C:\Windows\system32;C:\Windows;C:\ProgramData\Oracle\Java\javapath;C:\Windows\system32;C:\Windows;C:\Windows\System32\Wbem;C:\Windows\System32\WindowsPowerShell\v1.0\;C:\Users\컴정근로\.dnx\bin;C:\Program Files\Microsoft DNX\Dnvm\;C:\Program Files\Windows Kits\10\Windows Performance Toolkit\;C:\Program Files\Git\cmd;C:\종합정보;C:\instantclient_10_2;.
[2016-09-22 14:25:36.008]:             java.runtime.name => Java(TM) SE Runtime Environment
[2016-09-22 14:25:36.008]:             java.runtime.version => 1.7.0_71-b14
[2016-09-22 14:25:36.008]:             java.specification.name => Java Platform API Specification
[2016-09-22 14:25:36.009]:             java.specification.vendor => Oracle Corporation
[2016-09-22 14:25:36.009]:             java.specification.version => 1.7
[2016-09-22 14:25:36.009]:             java.vendor => Oracle Corporation
[2016-09-22 14:25:36.009]:             java.vendor.url => http://java.oracle.com/
[2016-09-22 14:25:36.009]:             java.vendor.url.bug => http://bugreport.sun.com/bugreport/
[2016-09-22 14:25:36.009]:             java.version => 1.7.0_71
[2016-09-22 14:25:36.009]:             java.vm.info => mixed mode
[2016-09-22 14:25:36.009]:             java.vm.name => Java HotSpot(TM) Client VM
[2016-09-22 14:25:36.009]:             java.vm.specification.name => Java Virtual Machine Specification
[2016-09-22 14:25:36.009]:             java.vm.specification.vendor => Oracle Corporation
[2016-09-22 14:25:36.009]:             java.vm.specification.version => 1.7
[2016-09-22 14:25:36.010]:             java.vm.vendor => Oracle Corporation
[2016-09-22 14:25:36.010]:             java.vm.version => 24.71-b01
[2016-09-22 14:25:36.010]:             line.separator => 
[2016-09-22 14:25:36.010]:             netbeans.default_cachedir_root => C:\Users\컴정근로\AppData\Local\NetBeans\Cache
[2016-09-22 14:25:36.010]:             netbeans.default_userdir_root => C:\Users\컴정근로\AppData\Roaming\NetBeans
[2016-09-22 14:25:36.010]:             os.arch => x86
[2016-09-22 14:25:36.010]:             os.name => Windows 7
[2016-09-22 14:25:36.010]:             os.version => 6.1
[2016-09-22 14:25:36.010]:             path.separator => ;
[2016-09-22 14:25:36.010]:             sun.arch.data.model => 32
[2016-09-22 14:25:36.011]:             sun.boot.class.path => C:\Users\컴정근로\AppData\Local\Temp\NBI11921.tmp\_jvm\lib\resources.jar;C:\Users\컴정근로\AppData\Local\Temp\NBI11921.tmp\_jvm\lib\rt.jar;C:\Users\컴정근로\AppData\Local\Temp\NBI11921.tmp\_jvm\lib\sunrsasign.jar;C:\Users\컴정근로\AppData\Local\Temp\NBI11921.tmp\_jvm\lib\jsse.jar;C:\Users\컴정근로\AppData\Local\Temp\NBI11921.tmp\_jvm\lib\jce.jar;C:\Users\컴정근로\AppData\Local\Temp\NBI11921.tmp\_jvm\lib\charsets.jar;C:\Users\컴정근로\AppData\Local\Temp\NBI11921.tmp\_jvm\lib\jfr.jar;C:\Users\컴정근로\AppData\Local\Temp\NBI11921.tmp\_jvm\classes
[2016-09-22 14:25:36.011]:             sun.boot.library.path => C:\Users\컴정근로\AppData\Local\Temp\NBI11921.tmp\_jvm\bin
[2016-09-22 14:25:36.011]:             sun.cpu.endian => little
[2016-09-22 14:25:36.011]:             sun.cpu.isalist => pentium_pro+mmx pentium_pro pentium+mmx pentium i486 i386 i86
[2016-09-22 14:25:36.011]:             sun.desktop => windows
[2016-09-22 14:25:36.011]:             sun.io.unicode.encoding => UnicodeLittle
[2016-09-22 14:25:36.011]:             sun.java.command => org.netbeans.installer.Installer
[2016-09-22 14:25:36.011]:             sun.java.launcher => SUN_STANDARD
[2016-09-22 14:25:36.011]:             sun.jnu.encoding => MS949
[2016-09-22 14:25:36.011]:             sun.management.compiler => HotSpot Client Compiler
[2016-09-22 14:25:36.011]:             sun.os.patch.level => Service Pack 1
[2016-09-22 14:25:36.011]:             user.country => KR
[2016-09-22 14:25:36.012]:             user.dir => C:\Users\컴정근로\Desktop\다운로드
[2016-09-22 14:25:36.012]:             user.home => C:\Users\컴정근로
[2016-09-22 14:25:36.012]:             user.language => ko
[2016-09-22 14:25:36.012]:             user.name => 컴정근로
[2016-09-22 14:25:36.012]:             user.script => 
[2016-09-22 14:25:36.012]:             user.timezone => Asia/Seoul
[2016-09-22 14:25:36.012]:             user.variant => 
[2016-09-22 14:25:36.012]:     ... end of target system information
[2016-09-22 14:25:36.012]:     exiting -- org.netbeans.installer.Installer.<init>():117
[2016-09-22 14:25:36.088]:     loading jni library
[2016-09-22 14:25:36.088]:         library resource path: native/jnilib/windows/windows-x86.dll
[2016-09-22 14:25:36.463]:         library file path: C:\Users\컴정근로\AppData\Local\Temp\nbi-6662933441093545141.tmp
[2016-09-22 14:25:36.552]:         ... successfully loaded the library
[2016-09-22 14:25:36.558]:     entering -- org.netbeans.installer.Installer.<init>():122
[2016-09-22 14:25:36.558]:     parsing command-line arguments
[2016-09-22 14:25:36.561]:         ... no command line arguments were specified
[2016-09-22 14:25:36.561]:     ... finished parsing command line arguments
[2016-09-22 14:25:36.561]:     exiting -- org.netbeans.installer.Installer.<init>():122
[2016-09-22 14:25:36.561]:     entering -- org.netbeans.installer.Installer.<init>():123
[2016-09-22 14:25:36.561]:     loading engine properties
[2016-09-22 14:25:36.562]:         loading engine properties
[2016-09-22 14:25:36.564]:             loading nbi.wizard.ui.swing.frame.minimum.width.metal => 624
[2016-09-22 14:25:36.564]:             loading nbi.wizard.ui.swing.frame.height.default => 500
[2016-09-22 14:25:36.564]:             loading nbi.product.remove.corrupted.products.silently => true
[2016-09-22 14:25:36.564]:             loading nbi.wizard.ui.swing.frame.head.right.image => resource:org/netbeans/installer/wizard/wizard-title-right.png
[2016-09-22 14:25:36.564]:             loading nbi.wizard.ui.swing.frame.resizable => false
[2016-09-22 14:25:36.564]:             loading nbi.wizard.ui.swing.frame.minimum.width.win.xp => 600
[2016-09-22 14:25:36.564]:             loading nbi.wizard.ui.swing.frame.minimum.height.gtk => 528
[2016-09-22 14:25:36.564]:             loading nbi.wizard.ui.swing.frame.width.win.xp => 600
[2016-09-22 14:25:36.564]:             loading nbi.wizard.ui.swing.frame.minimum.height.motif => 472
[2016-09-22 14:25:36.564]:             loading nbi.macosx.application.directory.name => NetBeans IDE Installer
[2016-09-22 14:25:36.564]:             loading nbi.wizard.ui.swing.frame.title.prefix => Java SE Development Kit and NetBeans IDE Installer
[2016-09-22 14:25:36.564]:             loading nbi.overall.license.mysql.resource => org/netbeans/installer/product/components/netbeans-license-mysql.txt
[2016-09-22 14:25:36.564]:             loading nbi.wizard.ui.swing.frame.minimum.width.nimbus => 624
[2016-09-22 14:25:36.565]:             loading nbi.wizard.ui.swing.frame.minimum.height.metal => 472
[2016-09-22 14:25:36.565]:             loading nbi.wizard.ui.swing.frame.height.motif => 472
[2016-09-22 14:25:36.565]:             loading nbi.wizard.ui.swing.frame.minimum.width.gtk => 704
[2016-09-22 14:25:36.565]:             loading nbi.junit.license.resource => org/netbeans/installer/product/components/junit-license.txt
[2016-09-22 14:25:36.565]:             loading nbi.wizard.ui.swing.frame.width.motif => 624
[2016-09-22 14:25:36.565]:             loading nbi.wizard.ui.swing.frame.minimum.height.win.classic => 472
[2016-09-22 14:25:36.565]:             loading NWP.welcome.page.type => bundledproduct
[2016-09-22 14:25:36.565]:             loading nbi.wizard.ui.swing.frame.height.aqua => 480
[2016-09-22 14:25:36.565]:             loading nbi.wizard.ui.swing.frame.minimum.width.default => 600
[2016-09-22 14:25:36.565]:             loading nbi.wizard.ui.swing.frame.minimum.width.win.classic => 588
[2016-09-22 14:25:36.565]:             loading nbi.wizard.ui.swing.frame.minimum.height.default => 500
[2016-09-22 14:25:36.565]:             loading nbi.wizard.ui.swing.welcome.background.image => resource:org/netbeans/installer/wizard/components/panels/netbeans/resources/welcome-left-background.png
[2016-09-22 14:25:36.565]:             loading nbi.wizard.ui.swing.frame.head.left.image => resource:org/netbeans/installer/wizard/wizard-title-left.png
[2016-09-22 14:25:36.565]:             loading nbi.wizard.ui.swing.frame.width.default => 600
[2016-09-22 14:25:36.565]:             loading nbi.wizard.ui.swing.frame.height.win.classic => 472
[2016-09-22 14:25:36.565]:             loading nbi.wizard.ui.swing.frame.height.nimbus => 512
[2016-09-22 14:25:36.566]:             loading nbi.wizard.ui.swing.frame.title.pattern => {0}
[2016-09-22 14:25:36.566]:             loading nbi.wizard.ui.swing.frame.width.nimbus => 624
[2016-09-22 14:25:36.566]:             loading nbi.wizard.ui.swing.frame.height.win.xp => 472
[2016-09-22 14:25:36.566]:             loading NWP.welcome.page.bundledproduct.name => jdk
[2016-09-22 14:25:36.566]:             loading nbi.wizard.ui.swing.frame.icon => resource:org/netbeans/installer/wizard/wizard-icon.ico
[2016-09-22 14:25:36.566]:             loading nbi.overall.license.jdk6.resource => org/netbeans/installer/product/components/netbeans-license-jdk6.txt
[2016-09-22 14:25:36.566]:             loading nbi.wizard.ui.swing.frame.minimum.height.win.xp => 472
[2016-09-22 14:25:36.566]:             loading nbi.wizard.ui.swing.frame.width.aqua => 640
[2016-09-22 14:25:36.566]:             loading nbi.wizard.ui.swing.frame.minimum.width.motif => 624
[2016-09-22 14:25:36.566]:             loading nbi.overall.license.jdk5.resource => org/netbeans/installer/product/components/netbeans-license-jdk5.txt
[2016-09-22 14:25:36.566]:             loading nbi.wizard.ui.swing.frame.height.metal => 472
[2016-09-22 14:25:36.566]:             loading nbi.wizard.ui.swing.frame.width.metal => 624
[2016-09-22 14:25:36.566]:             loading nbi.wizard.ui.swing.frame.minimum.height.aqua => 480
[2016-09-22 14:25:36.566]:             loading nbi.wizard.ui.swing.frame.minimum.width.aqua => 640
[2016-09-22 14:25:36.566]:             loading nbi.wizard.ui.swing.frame.height.gtk => 528
[2016-09-22 14:25:36.566]:             loading nbi.wizard.ui.swing.frame.width.win.classic => 588
[2016-09-22 14:25:36.566]:             loading nbi.product.suggest.install => true
[2016-09-22 14:25:36.567]:             loading nbi.wizard.ui.swing.frame.width.gtk => 704
[2016-09-22 14:25:36.567]:             loading nbi.wizard.ui.swing.frame.minimum.height.nimbus => 512
[2016-09-22 14:25:36.567]:     ... finished loading engine properties
[2016-09-22 14:25:36.567]:     exiting -- org.netbeans.installer.Installer.<init>():123
[2016-09-22 14:25:36.567]:     initializing the local directory
[2016-09-22 14:25:36.567]:         ... custom local directory was not specified, using the default
[2016-09-22 14:25:36.567]:         ... local directory: C:\Users\컴정근로\.nbi
[2016-09-22 14:25:36.568]:     ... finished initializing local directory
[2016-09-22 14:25:36.590]:     entering -- org.netbeans.installer.Installer.<init>():129
[2016-09-22 14:25:36.591]:     ... initializing DownloadManager
[2016-09-22 14:25:36.599]:         file not exist, queue is empty!
[2016-09-22 14:25:36.605]:     ... end of initializing DownloadManager
[2016-09-22 14:25:36.606]:     exiting -- org.netbeans.installer.Installer.<init>():129
[2016-09-22 14:25:36.606]:     entering -- org.netbeans.installer.Installer.<init>():130
[2016-09-22 14:25:36.606]:     ... initializing Registry
[2016-09-22 14:25:36.643]:     ... end of initializing ErrorHandler
[2016-09-22 14:25:36.643]:     exiting -- org.netbeans.installer.Installer.<init>():130
[2016-09-22 14:25:36.643]:     entering -- org.netbeans.installer.Installer.<init>():131
[2016-09-22 14:25:36.643]:     ... initializing Wizard
[2016-09-22 14:25:37.189]:         ... loading registry from resource:data/registry.xml
[2016-09-22 14:25:37.596]:         entering -- org.netbeans.installer.product.Registry.loadProductRegistry():1001
[2016-09-22 14:25:37.596]:         validating previous installations
[2016-09-22 14:25:37.597]:         ... validating installations finished
[2016-09-22 14:25:37.597]:         exiting -- org.netbeans.installer.product.Registry.loadProductRegistry():1001
[2016-09-22 14:25:37.615]:         Can`t load message in bundle org.netbeans.installer.wizard.components.panels.netbeans.Bundle for key NPrISP.installation.folders using [sun.misc.Launcher$AppClassLoader@1a6c368] classloader
[2016-09-22 14:25:37.634]:     ... end of initializing Wizard
[2016-09-22 14:25:37.634]:     exiting -- org.netbeans.installer.Installer.<init>():131
[2016-09-22 14:25:37.634]:     creating lock file
[2016-09-22 14:25:37.636]:         ... created lock file: C:\Users\컴정근로\.nbi\.nbilock
[2016-09-22 14:25:37.636]:     finished creating lock file
[2016-09-22 14:25:37.636]: ... finished initializing the engine
[2016-09-22 14:25:37.636]: exiting -- org.netbeans.installer.Installer.main():81
[2016-09-22 14:25:37.636]: entering -- org.netbeans.installer.Installer.main():81
[2016-09-22 14:25:37.636]: starting the installer
[2016-09-22 14:25:37.641]:     ... initializing look and feel
[2016-09-22 14:25:37.641]:         ... custom look and feel class name was not specified, using system default
[2016-09-22 14:25:37.925]:         ... class name: com.sun.java.swing.plaf.windows.WindowsLookAndFeel
[2016-09-22 14:25:37.925]:         ... get installed L&Fs
[2016-09-22 14:25:37.949]:         ... set specified L&F
[2016-09-22 14:25:37.970]:         ... check headless
[2016-09-22 14:25:37.970]:         ... creating JFileChooser object to check possible issues with UI
[2016-09-22 14:25:50.168]:         ... getting default Toolkit to check possible issues with UI
[2016-09-22 14:25:50.168]:         ... creating JProgressBar object to check possible issues with UI
[2016-09-22 14:25:50.171]:         ... all UI checks done
[2016-09-22 14:25:50.171]:         ... L&F is set
[2016-09-22 14:25:50.172]:     ... initializing L&F finished
[2016-09-22 14:25:50.346]:     NameResolver - to parse &Help!
[2016-09-22 14:25:50.351]:     NameResolver - to parse < &Back
[2016-09-22 14:25:50.352]:     NameResolver - to parse &Next >
[2016-09-22 14:25:50.353]:     NameResolver - to parse Cancel
[2016-09-22 14:25:50.355]:     NameResolver - to parse Configuring the Installer...
[2016-09-22 14:25:50.356]:     NameResolver - to parse Configuring the Installer...
[2016-09-22 14:25:50.365]:     NameResolver - to parse Configuring the Installer...
[2016-09-22 14:25:50.365]:     NameResolver - to parse Configuring the Installer...
[2016-09-22 14:25:50.366]:     NameResolver - to parse Please wait while Java SE Development Kit and NetBeans IDE installer initializes
[2016-09-22 14:25:50.381]:     NameResolver - to parse Configuring the Installer...
[2016-09-22 14:25:50.382]:     NameResolver - to parse Please wait while Java SE Development Kit and NetBeans IDE installer initializes
[2016-09-22 14:25:50.384]: ... finished starting the installer
[2016-09-22 14:25:50.384]: exiting -- org.netbeans.installer.Installer.main():81
[2016-09-22 14:25:50.385]: NameResolver - to parse Configuring the Installer...
[2016-09-22 14:25:50.386]: entering -- org.netbeans.installer.wizard.components.actions.InitializeRegistryAction.execute():73
[2016-09-22 14:25:50.386]: initializing product registry
[2016-09-22 14:25:50.386]:     entering -- org.netbeans.installer.product.Registry.initializeRegistry():190
[2016-09-22 14:25:50.387]:     initializing product registry properties
[2016-09-22 14:25:50.387]:         initializing local product cache directory
[2016-09-22 14:25:50.388]:         ... C:\Users\컴정근로\.nbi\product-cache
[2016-09-22 14:25:50.388]:         initializing local product registry file
[2016-09-22 14:25:50.390]:             ... C:\Users\컴정근로\.nbi\registry.xml
[2016-09-22 14:25:50.391]:             initializing local product registry stub uri
[2016-09-22 14:25:50.391]:             ... resource:org/netbeans/installer/product/default-registry.xml
[2016-09-22 14:25:50.391]:             initializing bundled product registry uri
[2016-09-22 14:25:50.391]:             ... resource:data/registry.xml
[2016-09-22 14:25:50.391]:             initializing product registry schema uri
[2016-09-22 14:25:50.391]:             ... resource:org/netbeans/installer/product/registry.xsd
[2016-09-22 14:25:50.391]:             initializing remote product registries uris
[2016-09-22 14:25:50.392]:             initializing state file schema uri
[2016-09-22 14:25:50.392]:             ... resource:org/netbeans/installer/product/state-file.xsd
[2016-09-22 14:25:50.392]:             initializing default state file uri
[2016-09-22 14:25:50.392]:             ... resource:org/netbeans/installer/product/default-state-file.xml
[2016-09-22 14:25:50.392]:             initializing target platform
[2016-09-22 14:25:50.395]:             ... windows-x86
[2016-09-22 14:25:50.395]:     initializing product registry properties
[2016-09-22 14:25:50.395]:     exiting -- org.netbeans.installer.product.Registry.initializeRegistry():190
[2016-09-22 14:25:50.412]:     ... loading registry from file:/C:/Users/컴정근로/.nbi/registry.xml
[2016-09-22 14:25:50.454]:     entering -- org.netbeans.installer.product.Registry.loadProductRegistry():1001
[2016-09-22 14:25:50.454]:     validating previous installations
[2016-09-22 14:25:50.455]:     ... validating installations finished
[2016-09-22 14:25:50.455]:     exiting -- org.netbeans.installer.product.Registry.loadProductRegistry():1001
[2016-09-22 14:25:50.455]:     ... loading registry from resource:data/registry.xml
[2016-09-22 14:25:50.514]:     entering -- org.netbeans.installer.product.Registry.loadProductRegistry():1001
[2016-09-22 14:25:50.514]:     validating previous installations
[2016-09-22 14:25:50.514]:     ... validating installations finished
[2016-09-22 14:25:50.514]:     exiting -- org.netbeans.installer.product.Registry.loadProductRegistry():1001
[2016-09-22 14:25:50.515]: ... product registry initialization complete
[2016-09-22 14:25:50.515]: exiting -- org.netbeans.installer.wizard.components.actions.InitializeRegistryAction.execute():73
[2016-09-22 14:25:50.517]: NameResolver - to parse Extracting configuration logic for {0}
[2016-09-22 14:25:50.728]: NameResolver - to parse Extracting configuration logic for {0}
[2016-09-22 14:25:50.958]: NameResolver - to parse Extracting configuration logic for {0}
[2016-09-22 14:25:51.166]: NameResolver - to parse Extracting configuration logic for {0}
[2016-09-22 14:25:51.409]: ... checking if JDK 1.8.0_101 is already installed
[2016-09-22 14:25:51.436]: executing command: C:\Program Files\Java\jdk1.8.0_101\bin\java.exe -classpath C:\Users\컴정근로\.nbi\tmp TestJDK, in directory: .
[2016-09-22 14:25:52.067]:     [stdout]: 1.8.0_101
[2016-09-22 14:25:52.067]:     [stdout]: 25.101-b13
[2016-09-22 14:25:52.067]:     [stdout]: Oracle Corporation
[2016-09-22 14:25:52.067]:     [stdout]: Windows 7
[2016-09-22 14:25:52.067]:     [stdout]: x86
[2016-09-22 14:25:52.068]:     [return]: 0
[2016-09-22 14:25:52.068]: ... command execution finished
[2016-09-22 14:25:52.069]: ... java.version    = 1.8.0_101
[2016-09-22 14:25:52.069]: ... java.vm.version = 25.101-b13
[2016-09-22 14:25:52.070]: ... java.vendor     = Oracle Corporation
[2016-09-22 14:25:52.070]: ... os.name         = Windows 7
[2016-09-22 14:25:52.070]: ... os.arch         = x86
[2016-09-22 14:25:52.070]: ... version string : 1.8.0_101
[2016-09-22 14:25:52.070]: ... put jdk info to the Java map
[2016-09-22 14:25:52.213]: entering -- org.netbeans.installer.wizard.components.actions.netbeans.NbInitializationAction.execute():136
[2016-09-22 14:25:52.213]: search for all java locations
[2016-09-22 14:25:52.413]:     checking for possible java locations in windows registry
[2016-09-22 14:25:52.414]:         found: HKEY_LOCAL_MACHINE\SOFTWARE\JavaSoft\Java Development Kit\1.8\JavaHome = C:\Program Files\Java\jdk1.8.0_101
[2016-09-22 14:25:52.416]:         found: HKEY_LOCAL_MACHINE\SOFTWARE\JavaSoft\Java Development Kit\1.8.0_101\JavaHome = C:\Program Files\Java\jdk1.8.0_101
[2016-09-22 14:25:52.418]:         found: HKEY_LOCAL_MACHINE\SOFTWARE\JavaSoft\Java Runtime Environment\1.8\JavaHome = C:\Program Files\Java\jre1.8.0_101
[2016-09-22 14:25:52.420]:         found: HKEY_LOCAL_MACHINE\SOFTWARE\JavaSoft\Java Runtime Environment\1.8.0_101\JavaHome = C:\Program Files\Java\jre1.8.0_101
[2016-09-22 14:25:52.421]:         found: HKEY_LOCAL_MACHINE\SOFTWARE\JavaSoft\Java Runtime Environment\1.8.0_91\JavaHome = C:\Program Files\Java\jre1.8.0_91
[2016-09-22 14:25:52.422]:     ... finished
[2016-09-22 14:25:52.423]:     checking for possible java locations in environment
[2016-09-22 14:25:52.423]:     ... finished
[2016-09-22 14:25:52.426]:     NameResolver - to parse $S{java.home}
[2016-09-22 14:25:52.431]:     NameResolver - to parse $S{java.home}/..
[2016-09-22 14:25:52.434]:     NameResolver - to parse $N{install}
[2016-09-22 14:25:52.434]:           --- parsed to C:\Program Files
[2016-09-22 14:25:52.594]:     NameResolver - to parse $N{install}/Java
[2016-09-22 14:25:52.594]:           --- parsed to C:\Program Files/Java
[2016-09-22 14:25:52.596]:     investigating java home candidate: C:\Program Files\Java\jdk1.8.0_101
[2016-09-22 14:25:52.596]:     ... parsed java: 1.8.0.101.0 by Oracle Corporation; final=true
[2016-09-22 14:25:52.602]:     investigating java home candidate: C:\Program Files\Java\jre1.8.0_101
[2016-09-22 14:25:52.611]:         executing command: C:\Program Files\Java\jre1.8.0_101\bin\java.exe -classpath C:\Users\컴정근로\.nbi\tmp TestJDK, in directory: .
[2016-09-22 14:25:52.968]:             [stdout]: 1.8.0_101
[2016-09-22 14:25:52.968]:             [stdout]: 25.101-b13
[2016-09-22 14:25:52.968]:             [stdout]: Oracle Corporation
[2016-09-22 14:25:52.968]:             [stdout]: Windows 7
[2016-09-22 14:25:52.968]:             [stdout]: x86
[2016-09-22 14:25:52.968]:             [return]: 0
[2016-09-22 14:25:52.969]:         ... command execution finished
[2016-09-22 14:25:52.969]:         ... java.version    = 1.8.0_101
[2016-09-22 14:25:52.969]:         ... java.vm.version = 25.101-b13
[2016-09-22 14:25:52.969]:         ... java.vendor     = Oracle Corporation
[2016-09-22 14:25:52.969]:         ... os.name         = Windows 7
[2016-09-22 14:25:52.969]:         ... os.arch         = x86
[2016-09-22 14:25:52.970]:         ... version string : 1.8.0_101
[2016-09-22 14:25:52.970]:         ... put jdk info to the Java map
[2016-09-22 14:25:52.971]:     ... parsed java: 1.8.0.101.0 by Oracle Corporation; final=true
[2016-09-22 14:25:52.977]:     investigating java home candidate: C:\Users\컴정근로\AppData\Local\Temp\NBI11921.tmp\_jvm
[2016-09-22 14:25:53.172]:         executing command: C:\Users\컴정근로\AppData\Local\Temp\NBI11921.tmp\_jvm\bin\java.exe -classpath C:\Users\컴정근로\.nbi\tmp TestJDK, in directory: .
[2016-09-22 14:25:53.424]:             [stdout]: 1.7.0_71
[2016-09-22 14:25:53.424]:             [stdout]: 24.71-b01
[2016-09-22 14:25:53.424]:             [stdout]: Oracle Corporation
[2016-09-22 14:25:53.424]:             [stdout]: Windows 7
[2016-09-22 14:25:53.424]:             [stdout]: x86
[2016-09-22 14:25:53.424]:             [return]: 0
[2016-09-22 14:25:53.425]:         ... command execution finished
[2016-09-22 14:25:53.425]:         ... java.version    = 1.7.0_71
[2016-09-22 14:25:53.425]:         ... java.vm.version = 24.71-b01
[2016-09-22 14:25:53.425]:         ... java.vendor     = Oracle Corporation
[2016-09-22 14:25:53.425]:         ... os.name         = Windows 7
[2016-09-22 14:25:53.426]:         ... os.arch         = x86
[2016-09-22 14:25:53.428]:         ... version string : 1.7.0_71
[2016-09-22 14:25:53.428]:         ... put jdk info to the Java map
[2016-09-22 14:25:53.430]:     ... parsed java: 1.7.0.71.0 by Oracle Corporation; final=true
[2016-09-22 14:25:53.435]:     investigating java home candidate: C:\Users\컴정근로\AppData\Local\Temp\NBI11921.tmp\_jvm\bin
[2016-09-22 14:25:53.442]:     investigating java home candidate: C:\Users\컴정근로\AppData\Local\Temp\NBI11921.tmp\_jvm\lib
[2016-09-22 14:25:53.449]:     investigating java home candidate: C:\Users\컴정근로\AppData\Local\Temp\NBI11921.tmp
[2016-09-22 14:25:53.456]:     investigating java home candidate: C:\Users\컴정근로\AppData\Local\Temp\NBI11921.tmp\_jvm
[2016-09-22 14:25:53.456]:     ... parsed java: 1.7.0.71.0 by Oracle Corporation; final=true
[2016-09-22 14:25:53.461]:     investigating java home candidate: C:\Program Files
[2016-09-22 14:25:53.468]:     investigating java home candidate: C:\Program Files\3DP Chip
[2016-09-22 14:25:53.496]:     investigating java home candidate: C:\Program Files\Adobe
[2016-09-22 14:25:53.503]:     investigating java home candidate: C:\Program Files\AhnLab
[2016-09-22 14:25:53.510]:     investigating java home candidate: C:\Program Files\AppInsights
[2016-09-22 14:25:53.517]:     investigating java home candidate: C:\Program Files\Application Verifier
[2016-09-22 14:25:53.523]:     investigating java home candidate: C:\Program Files\Axissoft
[2016-09-22 14:25:53.530]:     investigating java home candidate: C:\Program Files\Bandizip
[2016-09-22 14:25:53.561]:     investigating java home candidate: C:\Program Files\Battle.net
[2016-09-22 14:25:53.578]:     investigating java home candidate: C:\Program Files\BCQRE
[2016-09-22 14:25:53.585]:     investigating java home candidate: C:\Program Files\CBT
[2016-09-22 14:25:53.591]:     investigating java home candidate: C:\Program Files\Common Files
[2016-09-22 14:25:53.598]:     investigating java home candidate: C:\Program Files\CrossCert
[2016-09-22 14:25:53.605]:     investigating java home candidate: C:\Program Files\Dia
[2016-09-22 14:25:53.664]:     investigating java home candidate: C:\Program Files\DIFX
[2016-09-22 14:25:53.671]:     investigating java home candidate: C:\Program Files\DreamSecurity
[2016-09-22 14:25:53.679]:     investigating java home candidate: C:\Program Files\DVD Maker
[2016-09-22 14:25:53.686]:     investigating java home candidate: C:\Program Files\ESTsoft
[2016-09-22 14:25:53.693]:     investigating java home candidate: C:\Program Files\Fasoo DRM
[2016-09-22 14:25:53.701]:     investigating java home candidate: C:\Program Files\Git
[2016-09-22 14:25:53.734]:     investigating java home candidate: C:\Program Files\Google
[2016-09-22 14:25:53.741]:     investigating java home candidate: C:\Program Files\GPKISecureWeb
[2016-09-22 14:25:53.761]:     investigating java home candidate: C:\Program Files\Hearthstone
[2016-09-22 14:25:53.777]:     investigating java home candidate: C:\Program Files\Hnc
[2016-09-22 14:25:53.784]:     investigating java home candidate: C:\Program Files\HTML Help Workshop
[2016-09-22 14:25:53.790]:     investigating java home candidate: C:\Program Files\HumanTalk
[2016-09-22 14:25:53.797]:     investigating java home candidate: C:\Program Files\IIS
[2016-09-22 14:25:53.804]:     investigating java home candidate: C:\Program Files\IIS Express
[2016-09-22 14:25:53.837]:     investigating java home candidate: C:\Program Files\INCAInternet
[2016-09-22 14:25:53.844]:     investigating java home candidate: C:\Program Files\INCAInternet UnInstall
[2016-09-22 14:25:53.851]:     investigating java home candidate: C:\Program Files\INITECH
[2016-09-22 14:25:53.869]:     investigating java home candidate: C:\Program Files\InstallShield Installation Information
[2016-09-22 14:25:53.889]:     investigating java home candidate: C:\Program Files\Internet Explorer
[2016-09-22 14:25:53.896]:     investigating java home candidate: C:\Program Files\InternetDISK
[2016-09-22 14:25:53.903]:     investigating java home candidate: C:\Program Files\Java
[2016-09-22 14:25:53.910]:     investigating java home candidate: C:\Program Files\Kakao
[2016-09-22 14:25:53.917]:     investigating java home candidate: C:\Program Files\KollusPlayer3
[2016-09-22 14:25:53.936]:     investigating java home candidate: C:\Program Files\KONICA MINOLTA
[2016-09-22 14:25:53.943]:     investigating java home candidate: C:\Program Files\M2Soft
[2016-09-22 14:25:53.950]:     investigating java home candidate: C:\Program Files\MarkAny
[2016-09-22 14:25:53.956]:     investigating java home candidate: C:\Program Files\McAfee
[2016-09-22 14:25:53.963]:     investigating java home candidate: C:\Program Files\McAfee Security Scan
[2016-09-22 14:25:53.970]:     investigating java home candidate: C:\Program Files\MelOnNtfy2
[2016-09-22 14:25:53.977]:     investigating java home candidate: C:\Program Files\Microsoft Analysis Services
[2016-09-22 14:25:53.985]:     investigating java home candidate: C:\Program Files\Microsoft ASP.NET
[2016-09-22 14:25:54.002]:     investigating java home candidate: C:\Program Files\Microsoft DNX
[2016-09-22 14:25:54.009]:     investigating java home candidate: C:\Program Files\Microsoft Help Viewer
[2016-09-22 14:25:54.016]:     investigating java home candidate: C:\Program Files\Microsoft Office
[2016-09-22 14:25:54.023]:     investigating java home candidate: C:\Program Files\Microsoft Office365 Tools
[2016-09-22 14:25:54.030]:     investigating java home candidate: C:\Program Files\Microsoft SDKs
[2016-09-22 14:25:54.058]:     investigating java home candidate: C:\Program Files\Microsoft Silverlight
[2016-09-22 14:25:54.065]:     investigating java home candidate: C:\Program Files\Microsoft SQL Server
[2016-09-22 14:25:54.072]:     investigating java home candidate: C:\Program Files\Microsoft SQL Server Compact Edition
[2016-09-22 14:25:54.078]:     investigating java home candidate: C:\Program Files\Microsoft Visual Studio 11.0
[2016-09-22 14:25:54.085]:     investigating java home candidate: C:\Program Files\Microsoft Visual Studio 12.0
[2016-09-22 14:25:54.092]:     investigating java home candidate: C:\Program Files\Microsoft Visual Studio 14.0
[2016-09-22 14:25:54.099]:     investigating java home candidate: C:\Program Files\Microsoft WCF Data Services
[2016-09-22 14:25:54.106]:     investigating java home candidate: C:\Program Files\Microsoft Web Tools
[2016-09-22 14:25:54.126]:     investigating java home candidate: C:\Program Files\Microsoft.NET
[2016-09-22 14:25:54.141]:     investigating java home candidate: C:\Program Files\Mozilla Firefox
[2016-09-22 14:25:54.148]:     investigating java home candidate: C:\Program Files\MSBuild
[2016-09-22 14:25:54.155]:     investigating java home candidate: C:\Program Files\NetBeans 8.1
[2016-09-22 14:25:54.162]:     investigating java home candidate: C:\Program Files\NPKI
[2016-09-22 14:25:54.187]:     investigating java home candidate: C:\Program Files\NuGet
[2016-09-22 14:25:54.194]:     investigating java home candidate: C:\Program Files\RaonSecure
[2016-09-22 14:25:54.201]:     investigating java home candidate: C:\Program Files\Realtek
[2016-09-22 14:25:54.208]:     investigating java home candidate: C:\Program Files\Reference Assemblies
[2016-09-22 14:25:54.214]:     investigating java home candidate: C:\Program Files\ShellDir
[2016-09-22 14:25:54.221]:     investigating java home candidate: C:\Program Files\SoftForum
[2016-09-22 14:25:54.228]:     investigating java home candidate: C:\Program Files\Temp
[2016-09-22 14:25:54.235]:     investigating java home candidate: C:\Program Files\Uninstall Information
[2016-09-22 14:25:54.241]:     investigating java home candidate: C:\Program Files\VestCert
[2016-09-22 14:25:54.248]:     investigating java home candidate: C:\Program Files\VMware
[2016-09-22 14:25:54.254]:     investigating java home candidate: C:\Program Files\WideLine
[2016-09-22 14:25:54.260]:     investigating java home candidate: C:\Program Files\Windows Defender
[2016-09-22 14:25:54.267]:     investigating java home candidate: C:\Program Files\Windows Journal
[2016-09-22 14:25:54.286]:     investigating java home candidate: C:\Program Files\Windows Kits
[2016-09-22 14:25:54.293]:     investigating java home candidate: C:\Program Files\Windows Mail
[2016-09-22 14:25:54.305]:     investigating java home candidate: C:\Program Files\Windows Media Player
[2016-09-22 14:25:54.327]:     investigating java home candidate: C:\Program Files\Windows NT
[2016-09-22 14:25:54.334]:     investigating java home candidate: C:\Program Files\Windows Photo Viewer
[2016-09-22 14:25:54.344]:     investigating java home candidate: C:\Program Files\Windows Portable Devices
[2016-09-22 14:25:54.351]:     investigating java home candidate: C:\Program Files\Windows Sidebar
[2016-09-22 14:25:54.357]:     investigating java home candidate: C:\Program Files\Wizvera
[2016-09-22 14:25:54.363]:     investigating java home candidate: C:\Program Files\wLauncher
[2016-09-22 14:25:54.378]:     investigating java home candidate: C:\Program Files\Java
[2016-09-22 14:25:54.385]:     investigating java home candidate: C:\Program Files\Java\jdk1.8.0_101
[2016-09-22 14:25:54.386]:     ... parsed java: 1.8.0.101.0 by Oracle Corporation; final=true
[2016-09-22 14:25:54.391]:     investigating java home candidate: C:\Program Files\Java\jre1.8.0_101
[2016-09-22 14:25:54.391]:     ... parsed java: 1.8.0.101.0 by Oracle Corporation; final=true
[2016-09-22 14:25:54.596]: ... end of search for all java locations
[2016-09-22 14:25:54.596]: exiting -- org.netbeans.installer.wizard.components.actions.netbeans.NbInitializationAction.execute():136
[2016-09-22 14:25:54.596]: ... checking if JDK 1.8.0_101 is already installed
[2016-09-22 14:25:54.598]: ... bundledProductSkip = JDK 8 Update 101
[2016-09-22 14:25:54.598]: ... bundledProductToInstall = null
[2016-09-22 14:25:54.637]: NameResolver - to parse resource:org/netbeans/installer/wizard/components/panels/netbeans/resources/welcome-left-background.png
[2016-09-22 14:25:54.659]: NameResolver - to parse &Help!
[2016-09-22 14:25:54.660]: NameResolver - to parse < &Back
[2016-09-22 14:25:54.661]: NameResolver - to parse &Next >
[2016-09-22 14:25:54.661]: NameResolver - to parse Cancel
[2016-09-22 14:25:54.661]: NameResolver - to parse <html><h2 style="color: #000000; bold">Welcome to the {0} and NetBeans IDE 8.1 Installer</h2>
[2016-09-22 14:25:54.662]: NameResolver - to parse The installer will install the {0} and NetBeans IDE.<br>
[2016-09-22 14:25:54.662]: NameResolver - to parse </html>
[2016-09-22 14:25:54.663]: NameResolver - to parse text/html
[2016-09-22 14:25:54.668]: NameResolver - to parse <html>
[2016-09-22 14:25:54.669]: NameResolver - to parse JDK 8 Update 101 is already installed. Click next if you want to proceed with NetBeans IDE installation.
[2016-09-22 14:25:54.669]: NameResolver - to parse JDK 8 Update 101 is already installed. Click next if you want to proceed with NetBeans IDE installation.
[2016-09-22 14:25:54.669]: NameResolver - to parse text/html
[2016-09-22 14:25:54.676]: NameResolver - to parse <html>
[2016-09-22 14:25:54.677]: NameResolver - to parse </html>
[2016-09-22 14:25:54.677]: NameResolver - to parse text/html
[2016-09-22 14:25:54.680]: NameResolver - to parse &Customize...
[2016-09-22 14:25:54.685]: NameResolver - to parse Installation Size: {0}
[2016-09-22 14:25:54.689]: NameResolver - to parse Insufficient disk space for extracting the installation data. Additional {1} is required in {0}.
[2016-09-22 14:25:54.691]: NameResolver - to parse $N{install}/NetBeans 8.1
[2016-09-22 14:25:54.691]:       --- parsed to C:\Program Files/NetBeans 8.1
[2016-09-22 14:25:54.693]: NameResolver - to parse 1.7.0.0.0
[2016-09-22 14:25:54.693]: NameResolver - to parse 500.0.0
[2016-09-22 14:25:54.694]: NameResolver - to parse .*
[2016-09-22 14:25:54.695]: NameResolver - to parse false
[2016-09-22 14:25:54.699]: NameResolver - to parse false
[2016-09-22 14:25:54.702]: NameResolver - to parse false
[2016-09-22 14:25:54.704]: NameResolver - to parse false
[2016-09-22 14:25:54.705]: ... loading registry from resource:data/registry.xml
[2016-09-22 14:25:54.927]: entering -- org.netbeans.installer.product.Registry.loadProductRegistry():1001
[2016-09-22 14:25:54.927]: validating previous installations
[2016-09-22 14:25:54.927]: ... validating installations finished
[2016-09-22 14:25:54.927]: exiting -- org.netbeans.installer.product.Registry.loadProductRegistry():1001
[2016-09-22 14:25:54.927]: ... checking if JDK 1.8.0_101 is already installed
[2016-09-22 14:25:54.929]: ... use Java that is bundled and installed: C:\Program Files\Java\jdk1.8.0_101
[2016-09-22 14:25:54.929]: ... use Java that is already selected for the product: C:\Program Files\Java\jdk1.8.0_101
[2016-09-22 14:25:54.931]: NameResolver - to parse Insufficient disk space for extracting the installation data. Additional {1} is required in {0}.
[2016-09-22 14:25:54.951]: NameResolver - to parse <dummy description>
[2016-09-22 14:25:56.935]: NameResolver - to parse Insufficient disk space for extracting the installation data. Additional {1} is required in {0}.
[2016-09-22 14:25:58.936]: NameResolver - to parse Insufficient disk space for extracting the installation data. Additional {1} is required in {0}.
[2016-09-22 14:26:00.938]: NameResolver - to parse Insufficient disk space for extracting the installation data. Additional {1} is required in {0}.
[2016-09-22 14:26:02.939]: NameResolver - to parse Insufficient disk space for extracting the installation data. Additional {1} is required in {0}.
[2016-09-22 14:26:04.940]: NameResolver - to parse Insufficient disk space for extracting the installation data. Additional {1} is required in {0}.
[2016-09-22 14:26:06.941]: NameResolver - to parse Insufficient disk space for extracting the installation data. Additional {1} is required in {0}.
[2016-09-22 14:26:08.942]: NameResolver - to parse Insufficient disk space for extracting the installation data. Additional {1} is required in {0}.
[2016-09-22 14:26:10.943]: NameResolver - to parse Insufficient disk space for extracting the installation data. Additional {1} is required in {0}.
[2016-09-22 14:26:12.945]: NameResolver - to parse Insufficient disk space for extracting the installation data. Additional {1} is required in {0}.
[2016-09-22 14:26:14.946]: NameResolver - to parse Insufficient disk space for extracting the installation data. Additional {1} is required in {0}.
[2016-09-22 14:26:16.947]: NameResolver - to parse Insufficient disk space for extracting the installation data. Additional {1} is required in {0}.
[2016-09-22 14:26:18.948]: NameResolver - to parse Insufficient disk space for extracting the installation data. Additional {1} is required in {0}.
[2016-09-22 14:26:20.949]: NameResolver - to parse Insufficient disk space for extracting the installation data. Additional {1} is required in {0}.
[2016-09-22 14:26:22.950]: NameResolver - to parse Insufficient disk space for extracting the installation data. Additional {1} is required in {0}.
[2016-09-22 14:26:24.951]: NameResolver - to parse Insufficient disk space for extracting the installation data. Additional {1} is required in {0}.
[2016-09-22 14:26:26.952]: NameResolver - to parse Insufficient disk space for extracting the installation data. Additional {1} is required in {0}.
[2016-09-22 14:26:28.953]: NameResolver - to parse Insufficient disk space for extracting the installation data. Additional {1} is required in {0}.
[2016-09-22 14:26:30.955]: NameResolver - to parse Insufficient disk space for extracting the installation data. Additional {1} is required in {0}.
[2016-09-22 14:26:32.956]: NameResolver - to parse Insufficient disk space for extracting the installation data. Additional {1} is required in {0}.
[2016-09-22 14:26:34.957]: NameResolver - to parse Insufficient disk space for extracting the installation data. Additional {1} is required in {0}.
[2016-09-22 14:26:36.958]: NameResolver - to parse Insufficient disk space for extracting the installation data. Additional {1} is required in {0}.
[2016-09-22 14:26:38.959]: NameResolver - to parse Insufficient disk space for extracting the installation data. Additional {1} is required in {0}.
[2016-09-22 14:26:40.960]: NameResolver - to parse Insufficient disk space for extracting the installation data. Additional {1} is required in {0}.
[2016-09-22 14:26:42.961]: NameResolver - to parse Insufficient disk space for extracting the installation data. Additional {1} is required in {0}.
[2016-09-22 14:26:44.962]: NameResolver - to parse Insufficient disk space for extracting the installation data. Additional {1} is required in {0}.
[2016-09-22 14:26:46.963]: NameResolver - to parse Insufficient disk space for extracting the installation data. Additional {1} is required in {0}.
[2016-09-22 14:26:48.965]: NameResolver - to parse Insufficient disk space for extracting the installation data. Additional {1} is required in {0}.
[2016-09-22 14:26:50.966]: NameResolver - to parse Insufficient disk space for extracting the installation data. Additional {1} is required in {0}.
[2016-09-22 14:26:52.967]: NameResolver - to parse Insufficient disk space for extracting the installation data. Additional {1} is required in {0}.
[2016-09-22 14:26:54.968]: NameResolver - to parse Insufficient disk space for extracting the installation data. Additional {1} is required in {0}.
[2016-09-22 14:26:56.971]: NameResolver - to parse Insufficient disk space for extracting the installation data. Additional {1} is required in {0}.
[2016-09-22 14:26:58.973]: NameResolver - to parse Insufficient disk space for extracting the installation data. Additional {1} is required in {0}.
[2016-09-22 14:27:00.974]: NameResolver - to parse Insufficient disk space for extracting the installation data. Additional {1} is required in {0}.
[2016-09-22 14:27:02.975]: NameResolver - to parse Insufficient disk space for extracting the installation data. Additional {1} is required in {0}.
[2016-09-22 14:27:04.977]: NameResolver - to parse Insufficient disk space for extracting the installation data. Additional {1} is required in {0}.
[2016-09-22 14:27:06.978]: NameResolver - to parse Insufficient disk space for extracting the installation data. Additional {1} is required in {0}.
[2016-09-22 14:27:08.979]: NameResolver - to parse Insufficient disk space for extracting the installation data. Additional {1} is required in {0}.
[2016-09-22 14:27:10.980]: NameResolver - to parse Insufficient disk space for extracting the installation data. Additional {1} is required in {0}.
[2016-09-22 14:27:12.981]: NameResolver - to parse Insufficient disk space for extracting the installation data. Additional {1} is required in {0}.
[2016-09-22 14:27:14.983]: NameResolver - to parse Insufficient disk space for extracting the installation data. Additional {1} is required in {0}.
[2016-09-22 14:27:16.984]: NameResolver - to parse Insufficient disk space for extracting the installation data. Additional {1} is required in {0}.
[2016-09-22 14:27:18.985]: NameResolver - to parse Insufficient disk space for extracting the installation data. Additional {1} is required in {0}.
[2016-09-22 14:27:20.986]: NameResolver - to parse Insufficient disk space for extracting the installation data. Additional {1} is required in {0}.
[2016-09-22 14:27:22.988]: NameResolver - to parse Insufficient disk space for extracting the installation data. Additional {1} is required in {0}.
[2016-09-22 14:27:24.989]: NameResolver - to parse Insufficient disk space for extracting the installation data. Additional {1} is required in {0}.
[2016-09-22 14:27:26.990]: NameResolver - to parse Insufficient disk space for extracting the installation data. Additional {1} is required in {0}.
[2016-09-22 14:27:28.991]: NameResolver - to parse Insufficient disk space for extracting the installation data. Additional {1} is required in {0}.
[2016-09-22 14:27:30.992]: NameResolver - to parse Insufficient disk space for extracting the installation data. Additional {1} is required in {0}.
[2016-09-22 14:27:32.993]: NameResolver - to parse Insufficient disk space for extracting the installation data. Additional {1} is required in {0}.
[2016-09-22 14:27:34.994]: NameResolver - to parse Insufficient disk space for extracting the installation data. Additional {1} is required in {0}.
[2016-09-22 14:27:36.995]: NameResolver - to parse Insufficient disk space for extracting the installation data. Additional {1} is required in {0}.
[2016-09-22 14:27:38.996]: NameResolver - to parse Insufficient disk space for extracting the installation data. Additional {1} is required in {0}.
[2016-09-22 14:27:40.998]: NameResolver - to parse Insufficient disk space for extracting the installation data. Additional {1} is required in {0}.
[2016-09-22 14:27:42.999]: NameResolver - to parse Insufficient disk space for extracting the installation data. Additional {1} is required in {0}.
[2016-09-22 14:27:45.000]: NameResolver - to parse Insufficient disk space for extracting the installation data. Additional {1} is required in {0}.
[2016-09-22 14:27:47.001]: NameResolver - to parse Insufficient disk space for extracting the installation data. Additional {1} is required in {0}.
[2016-09-22 14:27:49.002]: NameResolver - to parse Insufficient disk space for extracting the installation data. Additional {1} is required in {0}.
[2016-09-22 14:27:51.003]: NameResolver - to parse Insufficient disk space for extracting the installation data. Additional {1} is required in {0}.
[2016-09-22 14:27:53.004]: NameResolver - to parse Insufficient disk space for extracting the installation data. Additional {1} is required in {0}.
[2016-09-22 14:27:55.005]: NameResolver - to parse Insufficient disk space for extracting the installation data. Additional {1} is required in {0}.
[2016-09-22 14:27:57.006]: NameResolver - to parse Insufficient disk space for extracting the installation data. Additional {1} is required in {0}.
[2016-09-22 14:27:59.008]: NameResolver - to parse Insufficient disk space for extracting the installation data. Additional {1} is required in {0}.
[2016-09-22 14:28:01.009]: NameResolver - to parse Insufficient disk space for extracting the installation data. Additional {1} is required in {0}.
[2016-09-22 14:28:03.010]: NameResolver - to parse Insufficient disk space for extracting the installation data. Additional {1} is required in {0}.
[2016-09-22 14:28:05.011]: NameResolver - to parse Insufficient disk space for extracting the installation data. Additional {1} is required in {0}.
[2016-09-22 14:28:07.012]: NameResolver - to parse Insufficient disk space for extracting the installation data. Additional {1} is required in {0}.
[2016-09-22 14:28:09.013]: NameResolver - to parse Insufficient disk space for extracting the installation data. Additional {1} is required in {0}.
[2016-09-22 14:28:11.014]: NameResolver - to parse Insufficient disk space for extracting the installation data. Additional {1} is required in {0}.
[2016-09-22 14:28:13.015]: NameResolver - to parse Insufficient disk space for extracting the installation data. Additional {1} is required in {0}.
[2016-09-22 14:28:15.017]: NameResolver - to parse Insufficient disk space for extracting the installation data. Additional {1} is required in {0}.
[2016-09-22 14:28:17.018]: NameResolver - to parse Insufficient disk space for extracting the installation data. Additional {1} is required in {0}.
[2016-09-22 14:28:19.019]: NameResolver - to parse Insufficient disk space for extracting the installation data. Additional {1} is required in {0}.
[2016-09-22 14:28:21.020]: NameResolver - to parse Insufficient disk space for extracting the installation data. Additional {1} is required in {0}.
[2016-09-22 14:28:23.021]: NameResolver - to parse Insufficient disk space for extracting the installation data. Additional {1} is required in {0}.
[2016-09-22 14:28:25.022]: NameResolver - to parse Insufficient disk space for extracting the installation data. Additional {1} is required in {0}.
[2016-09-22 14:28:27.023]: NameResolver - to parse Insufficient disk space for extracting the installation data. Additional {1} is required in {0}.
[2016-09-22 14:28:29.024]: NameResolver - to parse Insufficient disk space for extracting the installation data. Additional {1} is required in {0}.
[2016-09-22 14:28:31.025]: NameResolver - to parse Insufficient disk space for extracting the installation data. Additional {1} is required in {0}.
[2016-09-22 14:28:33.027]: NameResolver - to parse Insufficient disk space for extracting the installation data. Additional {1} is required in {0}.
[2016-09-22 14:28:35.028]: NameResolver - to parse Insufficient disk space for extracting the installation data. Additional {1} is required in {0}.
[2016-09-22 14:28:37.029]: NameResolver - to parse Insufficient disk space for extracting the installation data. Additional {1} is required in {0}.
[2016-09-22 14:28:39.030]: NameResolver - to parse Insufficient disk space for extracting the installation data. Additional {1} is required in {0}.
[2016-09-22 14:28:41.031]: NameResolver - to parse Insufficient disk space for extracting the installation data. Additional {1} is required in {0}.
[2016-09-22 14:28:43.032]: NameResolver - to parse Insufficient disk space for extracting the installation data. Additional {1} is required in {0}.
[2016-09-22 14:28:45.033]: NameResolver - to parse Insufficient disk space for extracting the installation data. Additional {1} is required in {0}.
[2016-09-22 14:28:47.034]: NameResolver - to parse Insufficient disk space for extracting the installation data. Additional {1} is required in {0}.
[2016-09-22 14:28:49.035]: NameResolver - to parse Insufficient disk space for extracting the installation data. Additional {1} is required in {0}.
[2016-09-22 14:28:51.037]: NameResolver - to parse Insufficient disk space for extracting the installation data. Additional {1} is required in {0}.
[2016-09-22 14:28:53.038]: NameResolver - to parse Insufficient disk space for extracting the installation data. Additional {1} is required in {0}.
[2016-09-22 14:28:55.039]: NameResolver - to parse Insufficient disk space for extracting the installation data. Additional {1} is required in {0}.
[2016-09-22 14:28:57.040]: NameResolver - to parse Insufficient disk space for extracting the installation data. Additional {1} is required in {0}.
[2016-09-22 14:28:59.041]: NameResolver - to parse Insufficient disk space for extracting the installation data. Additional {1} is required in {0}.
[2016-09-22 14:29:01.042]: NameResolver - to parse Insufficient disk space for extracting the installation data. Additional {1} is required in {0}.
[2016-09-22 14:29:03.043]: NameResolver - to parse Insufficient disk space for extracting the installation data. Additional {1} is required in {0}.
[2016-09-22 14:29:05.044]: NameResolver - to parse Insufficient disk space for extracting the installation data. Additional {1} is required in {0}.
[2016-09-22 14:29:07.045]: NameResolver - to parse Insufficient disk space for extracting the installation data. Additional {1} is required in {0}.
[2016-09-22 14:29:09.047]: NameResolver - to parse Insufficient disk space for extracting the installation data. Additional {1} is required in {0}.
[2016-09-22 14:29:11.050]: NameResolver - to parse Insufficient disk space for extracting the installation data. Additional {1} is required in {0}.
[2016-09-22 14:29:13.051]: NameResolver - to parse Insufficient disk space for extracting the installation data. Additional {1} is required in {0}.
[2016-09-22 14:29:15.052]: NameResolver - to parse Insufficient disk space for extracting the installation data. Additional {1} is required in {0}.
[2016-09-22 14:29:17.053]: NameResolver - to parse Insufficient disk space for extracting the installation data. Additional {1} is required in {0}.
[2016-09-22 14:29:19.054]: NameResolver - to parse Insufficient disk space for extracting the installation data. Additional {1} is required in {0}.
[2016-09-22 14:29:21.055]: NameResolver - to parse Insufficient disk space for extracting the installation data. Additional {1} is required in {0}.
[2016-09-22 14:29:23.056]: NameResolver - to parse Insufficient disk space for extracting the installation data. Additional {1} is required in {0}.
[2016-09-22 14:29:25.058]: NameResolver - to parse Insufficient disk space for extracting the installation data. Additional {1} is required in {0}.
[2016-09-22 14:29:27.059]: NameResolver - to parse Insufficient disk space for extracting the installation data. Additional {1} is required in {0}.
[2016-09-22 14:29:29.060]: NameResolver - to parse Insufficient disk space for extracting the installation data. Additional {1} is required in {0}.
[2016-09-22 14:29:31.061]: NameResolver - to parse Insufficient disk space for extracting the installation data. Additional {1} is required in {0}.
[2016-09-22 14:29:33.062]: NameResolver - to parse Insufficient disk space for extracting the installation data. Additional {1} is required in {0}.
[2016-09-22 14:29:35.063]: NameResolver - to parse Insufficient disk space for extracting the installation data. Additional {1} is required in {0}.
[2016-09-22 14:29:37.064]: NameResolver - to parse Insufficient disk space for extracting the installation data. Additional {1} is required in {0}.
[2016-09-22 14:29:39.065]: NameResolver - to parse Insufficient disk space for extracting the installation data. Additional {1} is required in {0}.
[2016-09-22 14:29:41.066]: NameResolver - to parse Insufficient disk space for extracting the installation data. Additional {1} is required in {0}.
[2016-09-22 14:29:43.068]: NameResolver - to parse Insufficient disk space for extracting the installation data. Additional {1} is required in {0}.
[2016-09-22 14:29:45.069]: NameResolver - to parse Insufficient disk space for extracting the installation data. Additional {1} is required in {0}.
[2016-09-22 14:29:47.070]: NameResolver - to parse Insufficient disk space for extracting the installation data. Additional {1} is required in {0}.
[2016-09-22 14:29:49.071]: NameResolver - to parse Insufficient disk space for extracting the installation data. Additional {1} is required in {0}.
[2016-09-22 14:29:51.072]: NameResolver - to parse Insufficient disk space for extracting the installation data. Additional {1} is required in {0}.
[2016-09-22 14:29:53.073]: NameResolver - to parse Insufficient disk space for extracting the installation data. Additional {1} is required in {0}.
[2016-09-22 14:29:55.074]: NameResolver - to parse Insufficient disk space for extracting the installation data. Additional {1} is required in {0}.
[2016-09-22 14:29:57.075]: NameResolver - to parse Insufficient disk space for extracting the installation data. Additional {1} is required in {0}.
[2016-09-22 14:29:59.076]: NameResolver - to parse Insufficient disk space for extracting the installation data. Additional {1} is required in {0}.
[2016-09-22 14:30:01.078]: NameResolver - to parse Insufficient disk space for extracting the installation data. Additional {1} is required in {0}.
[2016-09-22 14:30:03.079]: NameResolver - to parse Insufficient disk space for extracting the installation data. Additional {1} is required in {0}.
[2016-09-22 14:30:05.080]: NameResolver - to parse Insufficient disk space for extracting the installation data. Additional {1} is required in {0}.
[2016-09-22 14:30:07.081]: NameResolver - to parse Insufficient disk space for extracting the installation data. Additional {1} is required in {0}.
[2016-09-22 14:30:09.082]: NameResolver - to parse Insufficient disk space for extracting the installation data. Additional {1} is required in {0}.
[2016-09-22 14:30:11.083]: NameResolver - to parse Insufficient disk space for extracting the installation data. Additional {1} is required in {0}.
[2016-09-22 14:30:13.084]: NameResolver - to parse Insufficient disk space for extracting the installation data. Additional {1} is required in {0}.
[2016-09-22 14:30:15.085]: NameResolver - to parse Insufficient disk space for extracting the installation data. Additional {1} is required in {0}.
[2016-09-22 14:30:17.086]: NameResolver - to parse Insufficient disk space for extracting the installation data. Additional {1} is required in {0}.
[2016-09-22 14:30:19.089]: NameResolver - to parse Insufficient disk space for extracting the installation data. Additional {1} is required in {0}.
[2016-09-22 14:30:21.091]: NameResolver - to parse Insufficient disk space for extracting the installation data. Additional {1} is required in {0}.
[2016-09-22 14:30:23.092]: NameResolver - to parse Insufficient disk space for extracting the installation data. Additional {1} is required in {0}.
[2016-09-22 14:30:25.093]: NameResolver - to parse Insufficient disk space for extracting the installation data. Additional {1} is required in {0}.
[2016-09-22 14:30:27.094]: NameResolver - to parse Insufficient disk space for extracting the installation data. Additional {1} is required in {0}.
[2016-09-22 14:30:29.095]: NameResolver - to parse Insufficient disk space for extracting the installation data. Additional {1} is required in {0}.
[2016-09-22 14:30:31.096]: NameResolver - to parse Insufficient disk space for extracting the installation data. Additional {1} is required in {0}.
[2016-09-22 14:30:33.097]: NameResolver - to parse Insufficient disk space for extracting the installation data. Additional {1} is required in {0}.
[2016-09-22 14:30:35.099]: NameResolver - to parse Insufficient disk space for extracting the installation data. Additional {1} is required in {0}.
[2016-09-22 14:30:37.100]: NameResolver - to parse Insufficient disk space for extracting the installation data. Additional {1} is required in {0}.
[2016-09-22 14:30:39.101]: NameResolver - to parse Insufficient disk space for extracting the installation data. Additional {1} is required in {0}.
[2016-09-22 14:30:41.102]: NameResolver - to parse Insufficient disk space for extracting the installation data. Additional {1} is required in {0}.
[2016-09-22 14:30:43.103]: NameResolver - to parse Insufficient disk space for extracting the installation data. Additional {1} is required in {0}.
[2016-09-22 14:30:45.104]: NameResolver - to parse Insufficient disk space for extracting the installation data. Additional {1} is required in {0}.
[2016-09-22 14:30:47.105]: NameResolver - to parse Insufficient disk space for extracting the installation data. Additional {1} is required in {0}.
[2016-09-22 14:30:49.106]: NameResolver - to parse Insufficient disk space for extracting the installation data. Additional {1} is required in {0}.
[2016-09-22 14:30:51.107]: NameResolver - to parse Insufficient disk space for extracting the installation data. Additional {1} is required in {0}.
[2016-09-22 14:30:53.109]: NameResolver - to parse Insufficient disk space for extracting the installation data. Additional {1} is required in {0}.
[2016-09-22 14:30:55.110]: NameResolver - to parse Insufficient disk space for extracting the installation data. Additional {1} is required in {0}.
[2016-09-22 14:30:57.111]: NameResolver - to parse Insufficient disk space for extracting the installation data. Additional {1} is required in {0}.
[2016-09-22 14:30:59.112]: NameResolver - to parse Insufficient disk space for extracting the installation data. Additional {1} is required in {0}.
[2016-09-22 14:31:01.113]: NameResolver - to parse Insufficient disk space for extracting the installation data. Additional {1} is required in {0}.
[2016-09-22 14:31:03.114]: NameResolver - to parse Insufficient disk space for extracting the installation data. Additional {1} is required in {0}.
[2016-09-22 14:31:05.115]: NameResolver - to parse Insufficient disk space for extracting the installation data. Additional {1} is required in {0}.
[2016-09-22 14:31:07.116]: NameResolver - to parse Insufficient disk space for extracting the installation data. Additional {1} is required in {0}.
[2016-09-22 14:31:09.117]: NameResolver - to parse Insufficient disk space for extracting the installation data. Additional {1} is required in {0}.
[2016-09-22 14:31:11.119]: NameResolver - to parse Insufficient disk space for extracting the installation data. Additional {1} is required in {0}.
[2016-09-22 14:31:13.120]: NameResolver - to parse Insufficient disk space for extracting the installation data. Additional {1} is required in {0}.
[2016-09-22 14:31:15.121]: NameResolver - to parse Insufficient disk space for extracting the installation data. Additional {1} is required in {0}.
[2016-09-22 14:31:17.122]: NameResolver - to parse Insufficient disk space for extracting the installation data. Additional {1} is required in {0}.
[2016-09-22 14:31:19.123]: NameResolver - to parse Insufficient disk space for extracting the installation data. Additional {1} is required in {0}.
[2016-09-22 14:31:21.124]: NameResolver - to parse Insufficient disk space for extracting the installation data. Additional {1} is required in {0}.
[2016-09-22 14:31:23.125]: NameResolver - to parse Insufficient disk space for extracting the installation data. Additional {1} is required in {0}.
[2016-09-22 14:31:25.126]: NameResolver - to parse Insufficient disk space for extracting the installation data. Additional {1} is required in {0}.
[2016-09-22 14:31:27.129]: NameResolver - to parse Insufficient disk space for extracting the installation data. Additional {1} is required in {0}.
[2016-09-22 14:31:29.131]: NameResolver - to parse Insufficient disk space for extracting the installation data. Additional {1} is required in {0}.
[2016-09-22 14:31:31.132]: NameResolver - to parse Insufficient disk space for extracting the installation data. Additional {1} is required in {0}.
[2016-09-22 14:31:33.133]: NameResolver - to parse Insufficient disk space for extracting the installation data. Additional {1} is required in {0}.
[2016-09-22 14:31:35.134]: NameResolver - to parse Insufficient disk space for extracting the installation data. Additional {1} is required in {0}.
[2016-09-22 14:31:37.135]: NameResolver - to parse Insufficient disk space for extracting the installation data. Additional {1} is required in {0}.
[2016-09-22 14:31:39.136]: NameResolver - to parse Insufficient disk space for extracting the installation data. Additional {1} is required in {0}.
[2016-09-22 14:31:41.137]: NameResolver - to parse Insufficient disk space for extracting the installation data. Additional {1} is required in {0}.
[2016-09-22 14:31:43.138]: NameResolver - to parse Insufficient disk space for extracting the installation data. Additional {1} is required in {0}.
[2016-09-22 14:31:45.140]: NameResolver - to parse Insufficient disk space for extracting the installation data. Additional {1} is required in {0}.
[2016-09-22 14:31:47.141]: NameResolver - to parse Insufficient disk space for extracting the installation data. Additional {1} is required in {0}.
[2016-09-22 14:31:49.142]: NameResolver - to parse Insufficient disk space for extracting the installation data. Additional {1} is required in {0}.
[2016-09-22 14:31:51.143]: NameResolver - to parse Insufficient disk space for extracting the installation data. Additional {1} is required in {0}.
[2016-09-22 14:31:53.144]: NameResolver - to parse Insufficient disk space for extracting the installation data. Additional {1} is required in {0}.
[2016-09-22 14:31:55.145]: NameResolver - to parse Insufficient disk space for extracting the installation data. Additional {1} is required in {0}.
[2016-09-22 14:31:57.146]: NameResolver - to parse Insufficient disk space for extracting the installation data. Additional {1} is required in {0}.
[2016-09-22 14:31:59.147]: NameResolver - to parse Insufficient disk space for extracting the installation data. Additional {1} is required in {0}.
[2016-09-22 14:32:01.148]: NameResolver - to parse Insufficient disk space for extracting the installation data. Additional {1} is required in {0}.
[2016-09-22 14:32:03.150]: NameResolver - to parse Insufficient disk space for extracting the installation data. Additional {1} is required in {0}.
[2016-09-22 14:32:05.151]: NameResolver - to parse Insufficient disk space for extracting the installation data. Additional {1} is required in {0}.
[2016-09-22 14:32:07.152]: NameResolver - to parse Insufficient disk space for extracting the installation data. Additional {1} is required in {0}.
[2016-09-22 14:32:09.153]: NameResolver - to parse Insufficient disk space for extracting the installation data. Additional {1} is required in {0}.
[2016-09-22 14:32:11.154]: NameResolver - to parse Insufficient disk space for extracting the installation data. Additional {1} is required in {0}.
[2016-09-22 14:32:13.155]: NameResolver - to parse Insufficient disk space for extracting the installation data. Additional {1} is required in {0}.
[2016-09-22 14:32:15.156]: NameResolver - to parse Insufficient disk space for extracting the installation data. Additional {1} is required in {0}.
[2016-09-22 14:32:15.724]: NameResolver - to parse Insufficient disk space for extracting the installation data. Additional {1} is required in {0}.
[2016-09-22 14:32:15.728]: NameResolver - to parse C:\Program Files\NetBeans 8.1
[2016-09-22 14:32:15.729]: NameResolver - to parse 1.7.0.0.0
[2016-09-22 14:32:15.729]: NameResolver - to parse 500.0.0
[2016-09-22 14:32:15.729]: NameResolver - to parse .*
[2016-09-22 14:32:15.730]: NameResolver - to parse false
[2016-09-22 14:32:15.734]: NameResolver - to parse false
[2016-09-22 14:32:15.737]: NameResolver - to parse false
[2016-09-22 14:32:15.740]: NameResolver - to parse false
[2016-09-22 14:32:15.740]: ... use Java that is already selected for the product: C:\Program Files\Java\jdk1.8.0_101
[2016-09-22 14:32:15.998]: NameResolver - to parse &Help!
[2016-09-22 14:32:15.999]: NameResolver - to parse < &Back
[2016-09-22 14:32:16.000]: NameResolver - to parse &Next >
[2016-09-22 14:32:16.000]: NameResolver - to parse Cancel
[2016-09-22 14:32:16.000]: NameResolver - to parse &JDK™ for the NetBeans IDE:
[2016-09-22 14:32:16.002]: NameResolver - to parse The installation folder cannot be empty.
[2016-09-22 14:32:16.004]: ... use Java that is already selected for the product: C:\Program Files\Java\jdk1.8.0_101
[2016-09-22 14:32:16.005]: NameResolver - to parse The installation folder cannot be empty.
[2016-09-22 14:32:16.006]: NameResolver - to parse Br&owse...
[2016-09-22 14:32:16.012]: NameResolver - to parse &Install the NetBeans IDE to:
[2016-09-22 14:32:16.012]: NameResolver - to parse B&rowse...
[2016-09-22 14:32:16.032]: NameResolver - to parse The specified installation folder is not empty.
[2016-09-22 14:32:16.043]: NameResolver - to parse The specified installation folder is not empty.
[2016-09-22 14:32:16.044]: NameResolver - to parse NetBeans IDE 8.1 Installation
[2016-09-22 14:32:16.044]: NameResolver - to parse NetBeans IDE 8.1 Installation
[2016-09-22 14:32:16.046]: NameResolver - to parse NetBeans IDE 8.1 Installation
[2016-09-22 14:32:16.046]: NameResolver - to parse NetBeans IDE 8.1 Installation
[2016-09-22 14:32:16.046]: NameResolver - to parse Choose the installation folder and JDK™.
[2016-09-22 14:32:16.055]: NameResolver - to parse The specified installation folder is not empty.
[2016-09-22 14:32:16.060]: NameResolver - to parse NetBeans IDE 8.1 Installation
[2016-09-22 14:32:16.060]: NameResolver - to parse Choose the installation folder and JDK™.
[2016-09-22 14:32:18.068]: NameResolver - to parse The specified installation folder is not empty.
[2016-09-22 14:32:20.079]: NameResolver - to parse The specified installation folder is not empty.
[2016-09-22 14:32:22.091]: NameResolver - to parse The specified installation folder is not empty.
[2016-09-22 14:32:24.104]: NameResolver - to parse The specified installation folder is not empty.
[2016-09-22 14:32:24.776]: NameResolver - to parse The specified installation folder is not empty.
[2016-09-22 14:32:24.776]: NameResolver - to parse &Help!
[2016-09-22 14:32:24.778]: NameResolver - to parse < &Back
[2016-09-22 14:32:24.778]: NameResolver - to parse &Next >
[2016-09-22 14:32:24.779]: NameResolver - to parse Cancel
[2016-09-22 14:32:24.779]: NameResolver - to parse <html><h2 style="color: #000000; bold">Welcome to the {0} and NetBeans IDE 8.1 Installer</h2>
[2016-09-22 14:32:24.779]: NameResolver - to parse The installer will install the JDK 8 Update 101 and NetBeans IDE.<br>
[2016-09-22 14:32:24.780]: NameResolver - to parse </html>
[2016-09-22 14:32:24.780]: NameResolver - to parse text/html
[2016-09-22 14:32:24.783]: NameResolver - to parse <html>
[2016-09-22 14:32:24.783]: NameResolver - to parse JDK 8 Update 101 is already installed. Click next if you want to proceed with NetBeans IDE installation.
[2016-09-22 14:32:24.783]: NameResolver - to parse JDK 8 Update 101 is already installed. Click next if you want to proceed with NetBeans IDE installation.
[2016-09-22 14:32:24.783]: NameResolver - to parse text/html
[2016-09-22 14:32:24.786]: NameResolver - to parse <html>
[2016-09-22 14:32:24.786]: NameResolver - to parse </html>
[2016-09-22 14:32:24.786]: NameResolver - to parse text/html
[2016-09-22 14:32:24.788]: NameResolver - to parse &Customize...
[2016-09-22 14:32:24.788]: NameResolver - to parse Installation Size: {0}
[2016-09-22 14:32:24.789]: NameResolver - to parse Insufficient disk space for extracting the installation data. Additional {1} is required in {0}.
[2016-09-22 14:32:24.790]: NameResolver - to parse Insufficient disk space for extracting the installation data. Additional {1} is required in {0}.
[2016-09-22 14:32:24.797]: NameResolver - to parse <dummy description>
[2016-09-22 14:32:25.084]: NameResolver - to parse Insufficient disk space for extracting the installation data. Additional {1} is required in {0}.
[2016-09-22 14:32:25.086]: NameResolver - to parse C:\Program Files\NetBeans 8.1
[2016-09-22 14:32:25.086]: NameResolver - to parse 1.7.0.0.0
[2016-09-22 14:32:25.086]: NameResolver - to parse 500.0.0
[2016-09-22 14:32:25.087]: NameResolver - to parse .*
[2016-09-22 14:32:25.088]: NameResolver - to parse false
[2016-09-22 14:32:25.091]: NameResolver - to parse false
[2016-09-22 14:32:25.094]: NameResolver - to parse false
[2016-09-22 14:32:25.097]: NameResolver - to parse false
[2016-09-22 14:32:25.102]: ... use Java that is already selected for the product: C:\Program Files\Java\jdk1.8.0_101
[2016-09-22 14:32:25.102]: NameResolver - to parse &Help!
[2016-09-22 14:32:25.103]: NameResolver - to parse < &Back
[2016-09-22 14:32:25.103]: NameResolver - to parse &Next >
[2016-09-22 14:32:25.103]: NameResolver - to parse Cancel
[2016-09-22 14:32:25.104]: NameResolver - to parse &JDK™ for the NetBeans IDE:
[2016-09-22 14:32:25.115]: NameResolver - to parse The specified installation folder is not empty.
[2016-09-22 14:32:25.117]: ... use Java that is already selected for the product: C:\Program Files\Java\jdk1.8.0_101
[2016-09-22 14:32:25.128]: NameResolver - to parse The specified installation folder is not empty.
[2016-09-22 14:32:25.128]: NameResolver - to parse Br&owse...
[2016-09-22 14:32:25.128]: NameResolver - to parse &Install the NetBeans IDE to:
[2016-09-22 14:32:25.129]: NameResolver - to parse B&rowse...
[2016-09-22 14:32:25.129]: NameResolver - to parse The installation folder cannot be empty.
[2016-09-22 14:32:25.139]: NameResolver - to parse The specified installation folder is not empty.
[2016-09-22 14:32:25.150]: NameResolver - to parse The specified installation folder is not empty.
[2016-09-22 14:32:25.150]: NameResolver - to parse NetBeans IDE 8.1 Installation
[2016-09-22 14:32:25.151]: NameResolver - to parse NetBeans IDE 8.1 Installation
[2016-09-22 14:32:25.152]: NameResolver - to parse NetBeans IDE 8.1 Installation
[2016-09-22 14:32:25.152]: NameResolver - to parse NetBeans IDE 8.1 Installation
[2016-09-22 14:32:25.152]: NameResolver - to parse Choose the installation folder and JDK™.
[2016-09-22 14:32:25.163]: NameResolver - to parse The specified installation folder is not empty.
[2016-09-22 14:32:25.166]: NameResolver - to parse NetBeans IDE 8.1 Installation
[2016-09-22 14:32:25.166]: NameResolver - to parse Choose the installation folder and JDK™.
[2016-09-22 14:32:27.177]: NameResolver - to parse The specified installation folder is not empty.
[2016-09-22 14:32:29.189]: NameResolver - to parse The specified installation folder is not empty.
[2016-09-22 14:32:31.201]: NameResolver - to parse The specified installation folder is not empty.
[2016-09-22 14:32:33.211]: NameResolver - to parse The specified installation folder is not empty.
[2016-09-22 14:32:35.223]: NameResolver - to parse The specified installation folder is not empty.
[2016-09-22 14:32:37.237]: NameResolver - to parse The specified installation folder is not empty.
[2016-09-22 14:32:39.247]: NameResolver - to parse The specified installation folder is not empty.
[2016-09-22 14:32:41.258]: NameResolver - to parse The specified installation folder is not empty.
[2016-09-22 14:32:43.268]: NameResolver - to parse The specified installation folder is not empty.
[2016-09-22 14:32:45.280]: NameResolver - to parse The specified installation folder is not empty.
[2016-09-22 14:32:47.291]: NameResolver - to parse The specified installation folder is not empty.
[2016-09-22 14:32:47.692]: NameResolver - to parse Cancel
[2016-09-22 14:32:47.692]: NameResolver - to parse Are you sure you want to cancel?
[2016-09-22 14:32:47.692]: ... showing Yes/No dialog
[2016-09-22 14:32:47.692]:     title: Cancel
[2016-09-22 14:32:47.693]:     message: Are you sure you want to cancel?
[2016-09-22 14:32:48.645]: ... dialog closed, choice : yes
