[2016-09-22 14:15:27.706]: entering -- org.netbeans.installer.Installer.main():81
[2016-09-22 14:15:27.784]: initializing the installer engine
[2016-09-22 14:15:27.784]:     entering -- org.netbeans.installer.Installer.<init>():116
[2016-09-22 14:15:27.784]:     ... initializing ErrorHandler
[2016-09-22 14:15:27.784]:     ... end of ErrorHandler initialization
[2016-09-22 14:15:27.784]:     exiting -- org.netbeans.installer.Installer.<init>():116
[2016-09-22 14:15:27.784]:     entering -- org.netbeans.installer.Installer.<init>():117
[2016-09-22 14:15:27.784]:     dumping target system information
[2016-09-22 14:15:27.784]:         system properties:
[2016-09-22 14:15:27.784]:             awt.toolkit => sun.awt.windows.WToolkit
[2016-09-22 14:15:27.784]:             file.encoding => MS949
[2016-09-22 14:15:27.784]:             file.encoding.pkg => sun.io
[2016-09-22 14:15:27.784]:             file.separator => \
[2016-09-22 14:15:27.784]:             java.awt.graphicsenv => sun.awt.Win32GraphicsEnvironment
[2016-09-22 14:15:27.784]:             java.awt.printerjob => sun.awt.windows.WPrinterJob
[2016-09-22 14:15:27.784]:             java.class.path => C:\Users\컴정근로\AppData\Local\Temp\\NBI56053.tmp\bundle.jar
[2016-09-22 14:15:27.784]:             java.class.version => 51.0
[2016-09-22 14:15:27.784]:             java.endorsed.dirs => C:\Users\컴정근로\AppData\Local\Temp\NBI56053.tmp\_jvm\lib\endorsed
[2016-09-22 14:15:27.784]:             java.ext.dirs => C:\Users\컴정근로\AppData\Local\Temp\NBI56053.tmp\_jvm\lib\ext;C:\Windows\Sun\Java\lib\ext
[2016-09-22 14:15:27.784]:             java.home => C:\Users\컴정근로\AppData\Local\Temp\NBI56053.tmp\_jvm
[2016-09-22 14:15:27.784]:             java.io.tmpdir => C:\Users\컴정근로\AppData\Local\Temp\
[2016-09-22 14:15:27.784]:             java.library.path => C:\Users\컴정근로\AppData\Local\Temp\NBI56053.tmp\_jvm\bin;C:\Windows\Sun\Java\bin;C:\Windows\system32;C:\Windows;C:\ProgramData\Oracle\Java\javapath;C:\Windows\system32;C:\Windows;C:\Windows\System32\Wbem;C:\Windows\System32\WindowsPowerShell\v1.0\;C:\Users\컴정근로\.dnx\bin;C:\Program Files\Microsoft DNX\Dnvm\;C:\Program Files\Windows Kits\10\Windows Performance Toolkit\;C:\Program Files\Git\cmd;C:\종합정보;C:\instantclient_10_2;.
[2016-09-22 14:15:27.784]:             java.runtime.name => Java(TM) SE Runtime Environment
[2016-09-22 14:15:27.784]:             java.runtime.version => 1.7.0_71-b14
[2016-09-22 14:15:27.784]:             java.specification.name => Java Platform API Specification
[2016-09-22 14:15:27.784]:             java.specification.vendor => Oracle Corporation
[2016-09-22 14:15:27.784]:             java.specification.version => 1.7
[2016-09-22 14:15:27.784]:             java.vendor => Oracle Corporation
[2016-09-22 14:15:27.784]:             java.vendor.url => http://java.oracle.com/
[2016-09-22 14:15:27.784]:             java.vendor.url.bug => http://bugreport.sun.com/bugreport/
[2016-09-22 14:15:27.784]:             java.version => 1.7.0_71
[2016-09-22 14:15:27.784]:             java.vm.info => mixed mode
[2016-09-22 14:15:27.784]:             java.vm.name => Java HotSpot(TM) Client VM
[2016-09-22 14:15:27.784]:             java.vm.specification.name => Java Virtual Machine Specification
[2016-09-22 14:15:27.784]:             java.vm.specification.vendor => Oracle Corporation
[2016-09-22 14:15:27.784]:             java.vm.specification.version => 1.7
[2016-09-22 14:15:27.784]:             java.vm.vendor => Oracle Corporation
[2016-09-22 14:15:27.784]:             java.vm.version => 24.71-b01
[2016-09-22 14:15:27.784]:             line.separator => 
[2016-09-22 14:15:27.784]:             netbeans.default_cachedir_root => C:\Users\컴정근로\AppData\Local\NetBeans\Cache
[2016-09-22 14:15:27.784]:             netbeans.default_userdir_root => C:\Users\컴정근로\AppData\Roaming\NetBeans
[2016-09-22 14:15:27.784]:             os.arch => x86
[2016-09-22 14:15:27.784]:             os.name => Windows 7
[2016-09-22 14:15:27.784]:             os.version => 6.1
[2016-09-22 14:15:27.784]:             path.separator => ;
[2016-09-22 14:15:27.784]:             sun.arch.data.model => 32
[2016-09-22 14:15:27.784]:             sun.boot.class.path => C:\Users\컴정근로\AppData\Local\Temp\NBI56053.tmp\_jvm\lib\resources.jar;C:\Users\컴정근로\AppData\Local\Temp\NBI56053.tmp\_jvm\lib\rt.jar;C:\Users\컴정근로\AppData\Local\Temp\NBI56053.tmp\_jvm\lib\sunrsasign.jar;C:\Users\컴정근로\AppData\Local\Temp\NBI56053.tmp\_jvm\lib\jsse.jar;C:\Users\컴정근로\AppData\Local\Temp\NBI56053.tmp\_jvm\lib\jce.jar;C:\Users\컴정근로\AppData\Local\Temp\NBI56053.tmp\_jvm\lib\charsets.jar;C:\Users\컴정근로\AppData\Local\Temp\NBI56053.tmp\_jvm\lib\jfr.jar;C:\Users\컴정근로\AppData\Local\Temp\NBI56053.tmp\_jvm\classes
[2016-09-22 14:15:27.784]:             sun.boot.library.path => C:\Users\컴정근로\AppData\Local\Temp\NBI56053.tmp\_jvm\bin
[2016-09-22 14:15:27.784]:             sun.cpu.endian => little
[2016-09-22 14:15:27.784]:             sun.cpu.isalist => pentium_pro+mmx pentium_pro pentium+mmx pentium i486 i386 i86
[2016-09-22 14:15:27.784]:             sun.desktop => windows
[2016-09-22 14:15:27.784]:             sun.io.unicode.encoding => UnicodeLittle
[2016-09-22 14:15:27.784]:             sun.java.command => org.netbeans.installer.Installer
[2016-09-22 14:15:27.784]:             sun.java.launcher => SUN_STANDARD
[2016-09-22 14:15:27.784]:             sun.jnu.encoding => MS949
[2016-09-22 14:15:27.784]:             sun.management.compiler => HotSpot Client Compiler
[2016-09-22 14:15:27.784]:             sun.os.patch.level => Service Pack 1
[2016-09-22 14:15:27.784]:             user.country => KR
[2016-09-22 14:15:27.784]:             user.dir => C:\Users\컴정근로\Desktop\다운로드
[2016-09-22 14:15:27.784]:             user.home => C:\Users\컴정근로
[2016-09-22 14:15:27.784]:             user.language => ko
[2016-09-22 14:15:27.784]:             user.name => 컴정근로
[2016-09-22 14:15:27.784]:             user.script => 
[2016-09-22 14:15:27.784]:             user.timezone => Asia/Seoul
[2016-09-22 14:15:27.784]:             user.variant => 
[2016-09-22 14:15:27.784]:     ... end of target system information
[2016-09-22 14:15:27.784]:     exiting -- org.netbeans.installer.Installer.<init>():117
[2016-09-22 14:15:27.924]:     loading jni library
[2016-09-22 14:15:27.924]:         library resource path: native/jnilib/windows/windows-x86.dll
[2016-09-22 14:15:28.314]:         library file path: C:\Users\컴정근로\AppData\Local\Temp\nbi-1460502231978702390.tmp
[2016-09-22 14:15:28.470]:         ... successfully loaded the library
[2016-09-22 14:15:28.470]:     entering -- org.netbeans.installer.Installer.<init>():122
[2016-09-22 14:15:28.470]:     parsing command-line arguments
[2016-09-22 14:15:28.470]:         ... no command line arguments were specified
[2016-09-22 14:15:28.470]:     ... finished parsing command line arguments
[2016-09-22 14:15:28.470]:     exiting -- org.netbeans.installer.Installer.<init>():122
[2016-09-22 14:15:28.470]:     entering -- org.netbeans.installer.Installer.<init>():123
[2016-09-22 14:15:28.470]:     loading engine properties
[2016-09-22 14:15:28.470]:         loading engine properties
[2016-09-22 14:15:28.470]:             loading nbi.wizard.ui.swing.frame.minimum.width.metal => 624
[2016-09-22 14:15:28.470]:             loading nbi.wizard.ui.swing.frame.height.default => 500
[2016-09-22 14:15:28.470]:             loading nbi.product.remove.corrupted.products.silently => true
[2016-09-22 14:15:28.470]:             loading nbi.wizard.ui.swing.frame.head.right.image => resource:org/netbeans/installer/wizard/wizard-title-right.png
[2016-09-22 14:15:28.470]:             loading nbi.wizard.ui.swing.frame.resizable => false
[2016-09-22 14:15:28.470]:             loading nbi.wizard.ui.swing.frame.minimum.width.win.xp => 600
[2016-09-22 14:15:28.470]:             loading nbi.wizard.ui.swing.frame.minimum.height.gtk => 528
[2016-09-22 14:15:28.470]:             loading nbi.wizard.ui.swing.frame.width.win.xp => 600
[2016-09-22 14:15:28.470]:             loading nbi.wizard.ui.swing.frame.minimum.height.motif => 472
[2016-09-22 14:15:28.470]:             loading nbi.macosx.application.directory.name => NetBeans IDE Installer
[2016-09-22 14:15:28.470]:             loading nbi.wizard.ui.swing.frame.title.prefix => Java SE Development Kit and NetBeans IDE Installer
[2016-09-22 14:15:28.470]:             loading nbi.overall.license.mysql.resource => org/netbeans/installer/product/components/netbeans-license-mysql.txt
[2016-09-22 14:15:28.470]:             loading nbi.wizard.ui.swing.frame.minimum.width.nimbus => 624
[2016-09-22 14:15:28.470]:             loading nbi.wizard.ui.swing.frame.minimum.height.metal => 472
[2016-09-22 14:15:28.470]:             loading nbi.wizard.ui.swing.frame.height.motif => 472
[2016-09-22 14:15:28.470]:             loading nbi.wizard.ui.swing.frame.minimum.width.gtk => 704
[2016-09-22 14:15:28.470]:             loading nbi.junit.license.resource => org/netbeans/installer/product/components/junit-license.txt
[2016-09-22 14:15:28.470]:             loading nbi.wizard.ui.swing.frame.width.motif => 624
[2016-09-22 14:15:28.470]:             loading nbi.wizard.ui.swing.frame.minimum.height.win.classic => 472
[2016-09-22 14:15:28.470]:             loading NWP.welcome.page.type => bundledproduct
[2016-09-22 14:15:28.470]:             loading nbi.wizard.ui.swing.frame.height.aqua => 480
[2016-09-22 14:15:28.470]:             loading nbi.wizard.ui.swing.frame.minimum.width.default => 600
[2016-09-22 14:15:28.470]:             loading nbi.wizard.ui.swing.frame.minimum.width.win.classic => 588
[2016-09-22 14:15:28.470]:             loading nbi.wizard.ui.swing.frame.minimum.height.default => 500
[2016-09-22 14:15:28.470]:             loading nbi.wizard.ui.swing.welcome.background.image => resource:org/netbeans/installer/wizard/components/panels/netbeans/resources/welcome-left-background.png
[2016-09-22 14:15:28.470]:             loading nbi.wizard.ui.swing.frame.head.left.image => resource:org/netbeans/installer/wizard/wizard-title-left.png
[2016-09-22 14:15:28.470]:             loading nbi.wizard.ui.swing.frame.width.default => 600
[2016-09-22 14:15:28.470]:             loading nbi.wizard.ui.swing.frame.height.win.classic => 472
[2016-09-22 14:15:28.470]:             loading nbi.wizard.ui.swing.frame.height.nimbus => 512
[2016-09-22 14:15:28.470]:             loading nbi.wizard.ui.swing.frame.title.pattern => {0}
[2016-09-22 14:15:28.470]:             loading nbi.wizard.ui.swing.frame.width.nimbus => 624
[2016-09-22 14:15:28.470]:             loading nbi.wizard.ui.swing.frame.height.win.xp => 472
[2016-09-22 14:15:28.470]:             loading NWP.welcome.page.bundledproduct.name => jdk
[2016-09-22 14:15:28.486]:             loading nbi.wizard.ui.swing.frame.icon => resource:org/netbeans/installer/wizard/wizard-icon.ico
[2016-09-22 14:15:28.486]:             loading nbi.overall.license.jdk6.resource => org/netbeans/installer/product/components/netbeans-license-jdk6.txt
[2016-09-22 14:15:28.486]:             loading nbi.wizard.ui.swing.frame.minimum.height.win.xp => 472
[2016-09-22 14:15:28.486]:             loading nbi.wizard.ui.swing.frame.width.aqua => 640
[2016-09-22 14:15:28.486]:             loading nbi.wizard.ui.swing.frame.minimum.width.motif => 624
[2016-09-22 14:15:28.486]:             loading nbi.overall.license.jdk5.resource => org/netbeans/installer/product/components/netbeans-license-jdk5.txt
[2016-09-22 14:15:28.486]:             loading nbi.wizard.ui.swing.frame.height.metal => 472
[2016-09-22 14:15:28.486]:             loading nbi.wizard.ui.swing.frame.width.metal => 624
[2016-09-22 14:15:28.486]:             loading nbi.wizard.ui.swing.frame.minimum.height.aqua => 480
[2016-09-22 14:15:28.486]:             loading nbi.wizard.ui.swing.frame.minimum.width.aqua => 640
[2016-09-22 14:15:28.486]:             loading nbi.wizard.ui.swing.frame.height.gtk => 528
[2016-09-22 14:15:28.486]:             loading nbi.wizard.ui.swing.frame.width.win.classic => 588
[2016-09-22 14:15:28.486]:             loading nbi.product.suggest.install => true
[2016-09-22 14:15:28.486]:             loading nbi.wizard.ui.swing.frame.width.gtk => 704
[2016-09-22 14:15:28.486]:             loading nbi.wizard.ui.swing.frame.minimum.height.nimbus => 512
[2016-09-22 14:15:28.486]:     ... finished loading engine properties
[2016-09-22 14:15:28.486]:     exiting -- org.netbeans.installer.Installer.<init>():123
[2016-09-22 14:15:28.486]:     initializing the local directory
[2016-09-22 14:15:28.486]:         ... custom local directory was not specified, using the default
[2016-09-22 14:15:28.486]:         ... local directory: C:\Users\컴정근로\.nbi
[2016-09-22 14:15:28.486]:     ... finished initializing local directory
[2016-09-22 14:15:28.533]:     entering -- org.netbeans.installer.Installer.<init>():129
[2016-09-22 14:15:28.533]:     ... initializing DownloadManager
[2016-09-22 14:15:28.533]:         file not exist, queue is empty!
[2016-09-22 14:15:28.533]:     ... end of initializing DownloadManager
[2016-09-22 14:15:28.533]:     exiting -- org.netbeans.installer.Installer.<init>():129
[2016-09-22 14:15:28.533]:     entering -- org.netbeans.installer.Installer.<init>():130
[2016-09-22 14:15:28.533]:     ... initializing Registry
[2016-09-22 14:15:28.626]:     ... end of initializing ErrorHandler
[2016-09-22 14:15:28.626]:     exiting -- org.netbeans.installer.Installer.<init>():130
[2016-09-22 14:15:28.626]:     entering -- org.netbeans.installer.Installer.<init>():131
[2016-09-22 14:15:28.626]:     ... initializing Wizard
[2016-09-22 14:15:29.126]:         ... loading registry from resource:data/registry.xml
[2016-09-22 14:15:29.282]:         entering -- org.netbeans.installer.product.Registry.loadProductRegistry():1001
[2016-09-22 14:15:29.282]:         validating previous installations
[2016-09-22 14:15:29.282]:         ... validating installations finished
[2016-09-22 14:15:29.282]:         exiting -- org.netbeans.installer.product.Registry.loadProductRegistry():1001
[2016-09-22 14:15:29.297]:         Can`t load message in bundle org.netbeans.installer.wizard.components.panels.netbeans.Bundle for key NPrISP.installation.folders using [sun.misc.Launcher$AppClassLoader@e84763] classloader
[2016-09-22 14:15:29.313]:     ... end of initializing Wizard
[2016-09-22 14:15:29.313]:     exiting -- org.netbeans.installer.Installer.<init>():131
[2016-09-22 14:15:29.313]:     creating lock file
[2016-09-22 14:15:29.313]:         ... created lock file: C:\Users\컴정근로\.nbi\.nbilock
[2016-09-22 14:15:29.313]:     finished creating lock file
[2016-09-22 14:15:29.313]: ... finished initializing the engine
[2016-09-22 14:15:29.313]: exiting -- org.netbeans.installer.Installer.main():81
[2016-09-22 14:15:29.313]: entering -- org.netbeans.installer.Installer.main():81
[2016-09-22 14:15:29.313]: starting the installer
[2016-09-22 14:15:29.328]:     ... initializing look and feel
[2016-09-22 14:15:29.328]:         ... custom look and feel class name was not specified, using system default
[2016-09-22 14:15:29.391]:         ... class name: com.sun.java.swing.plaf.windows.WindowsLookAndFeel
[2016-09-22 14:15:29.391]:         ... get installed L&Fs
[2016-09-22 14:15:29.406]:         ... set specified L&F
[2016-09-22 14:15:29.438]:         ... check headless
[2016-09-22 14:15:29.438]:         ... creating JFileChooser object to check possible issues with UI
[2016-09-22 14:15:32.261]:         ... getting default Toolkit to check possible issues with UI
[2016-09-22 14:15:32.261]:         ... creating JProgressBar object to check possible issues with UI
[2016-09-22 14:15:32.261]:         ... all UI checks done
[2016-09-22 14:15:32.261]:         ... L&F is set
[2016-09-22 14:15:32.261]:     ... initializing L&F finished
[2016-09-22 14:15:32.448]:     NameResolver - to parse &Help!
[2016-09-22 14:15:32.448]:     NameResolver - to parse < &Back
[2016-09-22 14:15:32.448]:     NameResolver - to parse &Next >
[2016-09-22 14:15:32.448]:     NameResolver - to parse Cancel
[2016-09-22 14:15:32.448]:     NameResolver - to parse Configuring the Installer...
[2016-09-22 14:15:32.464]:     NameResolver - to parse Configuring the Installer...
[2016-09-22 14:15:32.464]:     NameResolver - to parse Configuring the Installer...
[2016-09-22 14:15:32.464]:     NameResolver - to parse Configuring the Installer...
[2016-09-22 14:15:32.464]:     NameResolver - to parse Please wait while Java SE Development Kit and NetBeans IDE installer initializes
[2016-09-22 14:15:32.480]:     NameResolver - to parse Configuring the Installer...
[2016-09-22 14:15:32.480]:     NameResolver - to parse Please wait while Java SE Development Kit and NetBeans IDE installer initializes
[2016-09-22 14:15:32.480]: ... finished starting the installer
[2016-09-22 14:15:32.480]: exiting -- org.netbeans.installer.Installer.main():81
[2016-09-22 14:15:32.480]: NameResolver - to parse Configuring the Installer...
[2016-09-22 14:15:32.480]: entering -- org.netbeans.installer.wizard.components.actions.InitializeRegistryAction.execute():73
[2016-09-22 14:15:32.480]: initializing product registry
[2016-09-22 14:15:32.480]:     entering -- org.netbeans.installer.product.Registry.initializeRegistry():190
[2016-09-22 14:15:32.480]:     initializing product registry properties
[2016-09-22 14:15:32.480]:         initializing local product cache directory
[2016-09-22 14:15:32.480]:         ... C:\Users\컴정근로\.nbi\product-cache
[2016-09-22 14:15:32.480]:         initializing local product registry file
[2016-09-22 14:15:32.495]:             ... C:\Users\컴정근로\.nbi\registry.xml
[2016-09-22 14:15:32.495]:             initializing local product registry stub uri
[2016-09-22 14:15:32.495]:             ... resource:org/netbeans/installer/product/default-registry.xml
[2016-09-22 14:15:32.495]:             initializing bundled product registry uri
[2016-09-22 14:15:32.495]:             ... resource:data/registry.xml
[2016-09-22 14:15:32.495]:             initializing product registry schema uri
[2016-09-22 14:15:32.495]:             ... resource:org/netbeans/installer/product/registry.xsd
[2016-09-22 14:15:32.495]:             initializing remote product registries uris
[2016-09-22 14:15:32.495]:             initializing state file schema uri
[2016-09-22 14:15:32.495]:             ... resource:org/netbeans/installer/product/state-file.xsd
[2016-09-22 14:15:32.495]:             initializing default state file uri
[2016-09-22 14:15:32.495]:             ... resource:org/netbeans/installer/product/default-state-file.xml
[2016-09-22 14:15:32.495]:             initializing target platform
[2016-09-22 14:15:32.495]:             ... windows-x86
[2016-09-22 14:15:32.495]:     initializing product registry properties
[2016-09-22 14:15:32.495]:     exiting -- org.netbeans.installer.product.Registry.initializeRegistry():190
[2016-09-22 14:15:32.511]:     ... loading registry from file:/C:/Users/컴정근로/.nbi/registry.xml
[2016-09-22 14:15:32.542]:     entering -- org.netbeans.installer.product.Registry.loadProductRegistry():1001
[2016-09-22 14:15:32.542]:     validating previous installations
[2016-09-22 14:15:32.542]:     ... validating installations finished
[2016-09-22 14:15:32.558]:     exiting -- org.netbeans.installer.product.Registry.loadProductRegistry():1001
[2016-09-22 14:15:32.558]:     ... loading registry from resource:data/registry.xml
[2016-09-22 14:15:32.620]:     entering -- org.netbeans.installer.product.Registry.loadProductRegistry():1001
[2016-09-22 14:15:32.620]:     validating previous installations
[2016-09-22 14:15:32.620]:     ... validating installations finished
[2016-09-22 14:15:32.620]:     exiting -- org.netbeans.installer.product.Registry.loadProductRegistry():1001
[2016-09-22 14:15:32.620]: ... product registry initialization complete
[2016-09-22 14:15:32.620]: exiting -- org.netbeans.installer.wizard.components.actions.InitializeRegistryAction.execute():73
[2016-09-22 14:15:32.620]: NameResolver - to parse Extracting configuration logic for {0}
[2016-09-22 14:15:32.823]: NameResolver - to parse Extracting configuration logic for {0}
[2016-09-22 14:15:33.041]: NameResolver - to parse Extracting configuration logic for {0}
[2016-09-22 14:15:33.260]: NameResolver - to parse Extracting configuration logic for {0}
[2016-09-22 14:15:33.509]: ... checking if JDK 1.8.0_101 is already installed
[2016-09-22 14:15:33.509]: ... cannot find key for this Java
[2016-09-22 14:15:33.509]: ... checking if JDK 1.8.0_101 is already installed
[2016-09-22 14:15:33.509]: ... cannot find key for this Java
[2016-09-22 14:15:33.509]: ... bundledProductSkip = null
[2016-09-22 14:15:33.509]: ... bundledProductToInstall = JDK 8 Update 101
[2016-09-22 14:15:33.540]: NameResolver - to parse resource:org/netbeans/installer/wizard/components/panels/netbeans/resources/welcome-left-background.png
[2016-09-22 14:15:33.556]: NameResolver - to parse &Help!
[2016-09-22 14:15:33.572]: NameResolver - to parse < &Back
[2016-09-22 14:15:33.572]: NameResolver - to parse &Next >
[2016-09-22 14:15:33.572]: NameResolver - to parse Cancel
[2016-09-22 14:15:33.572]: NameResolver - to parse <html><h2 style="color: #000000; bold">Welcome to the {0} and NetBeans IDE 8.1 Installer</h2>
[2016-09-22 14:15:33.572]: NameResolver - to parse The installer will install the {0} and NetBeans IDE.<br>
[2016-09-22 14:15:33.572]: NameResolver - to parse </html>
[2016-09-22 14:15:33.572]: NameResolver - to parse text/html
[2016-09-22 14:15:33.572]: NameResolver - to parse <html>
[2016-09-22 14:15:33.572]: NameResolver - to parse The installer will install the JDK 8 Update 101 and NetBeans IDE.<br>
[2016-09-22 14:15:33.572]: NameResolver - to parse text/html
[2016-09-22 14:15:33.587]: NameResolver - to parse <html>
[2016-09-22 14:15:33.587]: NameResolver - to parse </html>
[2016-09-22 14:15:33.587]: NameResolver - to parse text/html
[2016-09-22 14:15:33.587]: NameResolver - to parse &Customize...
[2016-09-22 14:15:33.587]: NameResolver - to parse Installation Size: {0}
[2016-09-22 14:15:33.587]: NameResolver - to parse Insufficient disk space for extracting the installation data. Additional {1} is required in {0}.
[2016-09-22 14:15:33.696]: NameResolver - to parse $N{install}/NetBeans 8.1
[2016-09-22 14:15:33.696]:       --- parsed to C:\Program Files/NetBeans 8.1
[2016-09-22 14:15:33.696]: NameResolver - to parse 1.7.0.0.0
[2016-09-22 14:15:33.696]: NameResolver - to parse 500.0.0
[2016-09-22 14:15:33.696]: NameResolver - to parse .*
[2016-09-22 14:15:33.696]: NameResolver - to parse $N{install}/Java/jdk1.8.0_101
[2016-09-22 14:15:33.696]:       --- parsed to C:\Program Files/Java/jdk1.8.0_101
[2016-09-22 14:15:33.696]: NameResolver - to parse $N{install}/Java/jdk1.8.0_101
[2016-09-22 14:15:33.696]:       --- parsed to C:\Program Files/Java/jdk1.8.0_101
[2016-09-22 14:15:33.696]: NameResolver - to parse false
[2016-09-22 14:15:33.696]: ... loading registry from resource:data/registry.xml
[2016-09-22 14:15:33.743]: entering -- org.netbeans.installer.product.Registry.loadProductRegistry():1001
[2016-09-22 14:15:33.743]: validating previous installations
[2016-09-22 14:15:33.743]: ... validating installations finished
[2016-09-22 14:15:33.743]: exiting -- org.netbeans.installer.product.Registry.loadProductRegistry():1001
[2016-09-22 14:15:33.743]: ... checking if JDK 1.8.0_101 is already installed
[2016-09-22 14:15:33.743]: ... cannot find key for this Java
[2016-09-22 14:15:33.743]: NameResolver - to parse false
[2016-09-22 14:15:33.743]: ... use Java from the first item in the overall list: C:\Program Files\Java\jdk1.8.0_101
[2016-09-22 14:15:33.743]: ... use Java that is already selected for the product: C:\Program Files\Java\jdk1.8.0_101
[2016-09-22 14:15:33.759]: NameResolver - to parse Insufficient disk space for extracting the installation data. Additional {1} is required in {0}.
[2016-09-22 14:15:33.774]: NameResolver - to parse <dummy description>
[2016-09-22 14:15:35.787]: NameResolver - to parse Insufficient disk space for extracting the installation data. Additional {1} is required in {0}.
[2016-09-22 14:15:36.926]: NameResolver - to parse Insufficient disk space for extracting the installation data. Additional {1} is required in {0}.
[2016-09-22 14:15:36.941]: NameResolver - to parse $N{install}/Java/jdk1.8.0_101
[2016-09-22 14:15:36.941]:       --- parsed to C:\Program Files/Java/jdk1.8.0_101
[2016-09-22 14:15:36.941]: NameResolver - to parse C:\Program Files\Java\jdk1.8.0_101
[2016-09-22 14:15:37.066]: NameResolver - to parse &Help!
[2016-09-22 14:15:37.066]: NameResolver - to parse < &Back
[2016-09-22 14:15:37.066]: NameResolver - to parse &Next >
[2016-09-22 14:15:37.066]: NameResolver - to parse Cancel
[2016-09-22 14:15:37.066]: NameResolver - to parse &Install the JDK™ to:
[2016-09-22 14:15:37.066]: NameResolver - to parse B&rowse...
[2016-09-22 14:15:37.097]: NameResolver - to parse Java SE Developer Kit (JDK) 8 Update 101 Installation
[2016-09-22 14:15:37.097]: NameResolver - to parse Java SE Developer Kit (JDK) 8 Update 101 Installation
[2016-09-22 14:15:37.097]: NameResolver - to parse Java SE Developer Kit (JDK) 8 Update 101 Installation
[2016-09-22 14:15:37.097]: NameResolver - to parse Java SE Developer Kit (JDK) 8 Update 101 Installation
[2016-09-22 14:15:37.097]: NameResolver - to parse Choose the installation folder for JDK
[2016-09-22 14:15:37.113]: NameResolver - to parse Java SE Developer Kit (JDK) 8 Update 101 Installation
[2016-09-22 14:15:37.113]: NameResolver - to parse Choose the installation folder for JDK
[2016-09-22 14:15:38.127]: NameResolver - to parse C:\Program Files\Java\jdk1.8.0_101
[2016-09-22 14:15:38.127]: NameResolver - to parse C:\Program Files\NetBeans 8.1
[2016-09-22 14:15:38.127]: NameResolver - to parse 1.7.0.0.0
[2016-09-22 14:15:38.127]: NameResolver - to parse 500.0.0
[2016-09-22 14:15:38.127]: NameResolver - to parse .*
[2016-09-22 14:15:38.127]: NameResolver - to parse C:\Program Files\Java\jdk1.8.0_101
[2016-09-22 14:15:38.127]: NameResolver - to parse false
[2016-09-22 14:15:38.127]: ... use Java that is already selected for the product: C:\Program Files\Java\jdk1.8.0_101
[2016-09-22 14:15:38.376]: NameResolver - to parse &Help!
[2016-09-22 14:15:38.376]: NameResolver - to parse < &Back
[2016-09-22 14:15:38.376]: NameResolver - to parse &Next >
[2016-09-22 14:15:38.376]: NameResolver - to parse Cancel
[2016-09-22 14:15:38.376]: NameResolver - to parse &JDK™ for the NetBeans IDE:
[2016-09-22 14:15:38.376]: NameResolver - to parse The installation folder cannot be empty.
[2016-09-22 14:15:38.392]: ... use Java that is already selected for the product: C:\Program Files\Java\jdk1.8.0_101
[2016-09-22 14:15:38.392]: NameResolver - to parse C:\Program Files\Java\jdk1.8.0_101
[2016-09-22 14:15:38.392]: NameResolver - to parse The installation folder cannot be empty.
[2016-09-22 14:15:38.392]: NameResolver - to parse Br&owse...
[2016-09-22 14:15:38.392]: NameResolver - to parse &Install the NetBeans IDE to:
[2016-09-22 14:15:38.392]: NameResolver - to parse B&rowse...
[2016-09-22 14:15:38.392]: NameResolver - to parse The specified installation folder is not empty.
[2016-09-22 14:15:38.408]: NameResolver - to parse The specified installation folder is not empty.
[2016-09-22 14:15:38.408]: NameResolver - to parse NetBeans IDE 8.1 Installation
[2016-09-22 14:15:38.408]: NameResolver - to parse NetBeans IDE 8.1 Installation
[2016-09-22 14:15:38.408]: NameResolver - to parse NetBeans IDE 8.1 Installation
[2016-09-22 14:15:38.408]: NameResolver - to parse NetBeans IDE 8.1 Installation
[2016-09-22 14:15:38.408]: NameResolver - to parse Choose the installation folder and JDK™.
[2016-09-22 14:15:38.423]: NameResolver - to parse The specified installation folder is not empty.
[2016-09-22 14:15:38.423]: NameResolver - to parse NetBeans IDE 8.1 Installation
[2016-09-22 14:15:38.423]: NameResolver - to parse Choose the installation folder and JDK™.
[2016-09-22 14:15:40.436]: NameResolver - to parse The specified installation folder is not empty.
[2016-09-22 14:15:42.448]: NameResolver - to parse The specified installation folder is not empty.
[2016-09-22 14:15:44.460]: NameResolver - to parse The specified installation folder is not empty.
[2016-09-22 14:15:46.473]: NameResolver - to parse The specified installation folder is not empty.
[2016-09-22 14:15:48.485]: NameResolver - to parse The specified installation folder is not empty.
[2016-09-22 14:15:50.498]: NameResolver - to parse The specified installation folder is not empty.
[2016-09-22 14:15:51.402]: NameResolver - to parse The specified installation folder is not empty.
[2016-09-22 14:15:52.510]: NameResolver - to parse The specified installation folder is not empty.
[2016-09-22 14:15:53.976]: NameResolver - to parse The specified installation folder is not empty.
[2016-09-22 14:15:54.522]: NameResolver - to parse The specified installation folder is not empty.
[2016-09-22 14:15:56.535]: NameResolver - to parse The specified installation folder is not empty.
[2016-09-22 14:15:58.547]: NameResolver - to parse The specified installation folder is not empty.
[2016-09-22 14:16:00.560]: NameResolver - to parse The specified installation folder is not empty.
[2016-09-22 14:16:02.572]: NameResolver - to parse The specified installation folder is not empty.
[2016-09-22 14:16:04.600]: NameResolver - to parse The specified installation folder is not empty.
[2016-09-22 14:16:05.770]: NameResolver - to parse The installation folder cannot be empty.
[2016-09-22 14:16:12.852]: NameResolver - to parse The specified JDK folder does not contain JDK.
[2016-09-22 14:16:12.868]: NameResolver - to parse The specified JDK folder does not contain JDK.
[2016-09-22 14:16:12.868]: NameResolver - to parse C:\Program Files\Java\jdk1.8.0_101
[2016-09-22 14:16:12.884]: NameResolver - to parse The specified JDK folder does not contain JDK.
[2016-09-22 14:16:12.884]: NameResolver - to parse C:\Program Files\Java\jdk1.8.0_101
[2016-09-22 14:16:14.662]: NameResolver - to parse The specified JDK folder does not contain JDK.
[2016-09-22 14:16:16.674]: NameResolver - to parse The specified JDK folder does not contain JDK.
[2016-09-22 14:16:18.687]: NameResolver - to parse The specified JDK folder does not contain JDK.
[2016-09-22 14:16:20.699]: NameResolver - to parse The specified JDK folder does not contain JDK.
[2016-09-22 14:16:22.709]: NameResolver - to parse The specified JDK folder does not contain JDK.
[2016-09-22 14:16:24.719]: NameResolver - to parse The specified JDK folder does not contain JDK.
[2016-09-22 14:16:26.728]: NameResolver - to parse The specified JDK folder does not contain JDK.
[2016-09-22 14:16:28.737]: NameResolver - to parse The specified JDK folder does not contain JDK.
[2016-09-22 14:16:30.747]: NameResolver - to parse The specified JDK folder does not contain JDK.
[2016-09-22 14:16:32.755]: NameResolver - to parse The specified JDK folder does not contain JDK.
[2016-09-22 14:16:34.852]: NameResolver - to parse The specified JDK folder does not contain JDK.
[2016-09-22 14:16:36.913]: NameResolver - to parse The specified JDK folder does not contain JDK.
[2016-09-22 14:16:38.921]: NameResolver - to parse The specified JDK folder does not contain JDK.
[2016-09-22 14:16:40.954]: NameResolver - to parse The specified JDK folder does not contain JDK.
[2016-09-22 14:16:42.964]: NameResolver - to parse The specified JDK folder does not contain JDK.
[2016-09-22 14:16:44.972]: NameResolver - to parse The specified JDK folder does not contain JDK.
[2016-09-22 14:16:46.982]: NameResolver - to parse The specified JDK folder does not contain JDK.
[2016-09-22 14:16:48.993]: NameResolver - to parse The specified JDK folder does not contain JDK.
[2016-09-22 14:16:51.002]: NameResolver - to parse The specified JDK folder does not contain JDK.
[2016-09-22 14:16:53.043]: NameResolver - to parse The specified JDK folder does not contain JDK.
[2016-09-22 14:16:55.053]: NameResolver - to parse The specified JDK folder does not contain JDK.
[2016-09-22 14:16:57.098]: NameResolver - to parse The specified JDK folder does not contain JDK.
[2016-09-22 14:16:59.107]: NameResolver - to parse The specified JDK folder does not contain JDK.
[2016-09-22 14:17:01.117]: NameResolver - to parse The specified JDK folder does not contain JDK.
[2016-09-22 14:17:03.126]: NameResolver - to parse The specified JDK folder does not contain JDK.
[2016-09-22 14:17:05.135]: NameResolver - to parse The specified JDK folder does not contain JDK.
[2016-09-22 14:17:07.144]: NameResolver - to parse The specified JDK folder does not contain JDK.
[2016-09-22 14:17:09.157]: NameResolver - to parse The specified JDK folder does not contain JDK.
[2016-09-22 14:17:11.167]: NameResolver - to parse The specified JDK folder does not contain JDK.
[2016-09-22 14:17:13.176]: NameResolver - to parse The specified JDK folder does not contain JDK.
[2016-09-22 14:17:15.187]: NameResolver - to parse The specified JDK folder does not contain JDK.
[2016-09-22 14:17:17.197]: NameResolver - to parse The specified JDK folder does not contain JDK.
[2016-09-22 14:17:19.206]: NameResolver - to parse The specified JDK folder does not contain JDK.
[2016-09-22 14:17:21.216]: NameResolver - to parse The specified JDK folder does not contain JDK.
[2016-09-22 14:17:23.225]: NameResolver - to parse The specified JDK folder does not contain JDK.
[2016-09-22 14:17:25.237]: NameResolver - to parse The specified JDK folder does not contain JDK.
[2016-09-22 14:17:27.247]: NameResolver - to parse The specified JDK folder does not contain JDK.
[2016-09-22 14:17:29.258]: NameResolver - to parse The specified JDK folder does not contain JDK.
[2016-09-22 14:17:31.267]: NameResolver - to parse The specified JDK folder does not contain JDK.
[2016-09-22 14:17:33.277]: NameResolver - to parse The specified JDK folder does not contain JDK.
[2016-09-22 14:17:35.296]: NameResolver - to parse The specified JDK folder does not contain JDK.
[2016-09-22 14:17:37.305]: NameResolver - to parse The specified JDK folder does not contain JDK.
[2016-09-22 14:17:39.314]: NameResolver - to parse The specified JDK folder does not contain JDK.
[2016-09-22 14:17:41.323]: NameResolver - to parse The specified JDK folder does not contain JDK.
[2016-09-22 14:17:43.334]: NameResolver - to parse The specified JDK folder does not contain JDK.
[2016-09-22 14:17:45.366]: NameResolver - to parse The specified JDK folder does not contain JDK.
[2016-09-22 14:17:47.377]: NameResolver - to parse The specified JDK folder does not contain JDK.
[2016-09-22 14:17:49.387]: NameResolver - to parse The specified JDK folder does not contain JDK.
[2016-09-22 14:17:51.396]: NameResolver - to parse The specified JDK folder does not contain JDK.
[2016-09-22 14:17:53.405]: NameResolver - to parse The specified JDK folder does not contain JDK.
[2016-09-22 14:17:55.414]: NameResolver - to parse The specified JDK folder does not contain JDK.
[2016-09-22 14:17:57.422]: NameResolver - to parse The specified JDK folder does not contain JDK.
[2016-09-22 14:17:59.430]: NameResolver - to parse The specified JDK folder does not contain JDK.
[2016-09-22 14:18:01.438]: NameResolver - to parse The specified JDK folder does not contain JDK.
[2016-09-22 14:18:03.891]: NameResolver - to parse The specified JDK folder does not contain JDK.
[2016-09-22 14:18:05.900]: NameResolver - to parse The specified JDK folder does not contain JDK.
[2016-09-22 14:18:07.908]: NameResolver - to parse The specified JDK folder does not contain JDK.
[2016-09-22 14:18:09.918]: NameResolver - to parse The specified JDK folder does not contain JDK.
[2016-09-22 14:18:11.927]: NameResolver - to parse The specified JDK folder does not contain JDK.
[2016-09-22 14:18:13.935]: NameResolver - to parse The specified JDK folder does not contain JDK.
[2016-09-22 14:18:15.943]: NameResolver - to parse The specified JDK folder does not contain JDK.
[2016-09-22 14:18:17.952]: NameResolver - to parse The specified JDK folder does not contain JDK.
[2016-09-22 14:18:19.961]: NameResolver - to parse The specified JDK folder does not contain JDK.
[2016-09-22 14:18:21.970]: NameResolver - to parse The specified JDK folder does not contain JDK.
[2016-09-22 14:18:23.981]: NameResolver - to parse The specified JDK folder does not contain JDK.
[2016-09-22 14:18:25.992]: NameResolver - to parse The specified JDK folder does not contain JDK.
[2016-09-22 14:18:28.000]: NameResolver - to parse The specified JDK folder does not contain JDK.
[2016-09-22 14:18:30.051]: NameResolver - to parse The specified JDK folder does not contain JDK.
[2016-09-22 14:18:32.060]: NameResolver - to parse The specified JDK folder does not contain JDK.
[2016-09-22 14:18:34.076]: NameResolver - to parse The specified JDK folder does not contain JDK.
[2016-09-22 14:18:36.091]: NameResolver - to parse The specified JDK folder does not contain JDK.
[2016-09-22 14:18:38.100]: NameResolver - to parse The specified JDK folder does not contain JDK.
[2016-09-22 14:18:40.109]: NameResolver - to parse The specified JDK folder does not contain JDK.
[2016-09-22 14:18:42.119]: NameResolver - to parse The specified JDK folder does not contain JDK.
[2016-09-22 14:18:44.128]: NameResolver - to parse The specified JDK folder does not contain JDK.
[2016-09-22 14:18:46.137]: NameResolver - to parse The specified JDK folder does not contain JDK.
[2016-09-22 14:18:48.146]: NameResolver - to parse The specified JDK folder does not contain JDK.
[2016-09-22 14:18:50.155]: NameResolver - to parse The specified JDK folder does not contain JDK.
[2016-09-22 14:18:52.164]: NameResolver - to parse The specified JDK folder does not contain JDK.
[2016-09-22 14:18:54.173]: NameResolver - to parse The specified JDK folder does not contain JDK.
[2016-09-22 14:18:56.183]: NameResolver - to parse The specified JDK folder does not contain JDK.
[2016-09-22 14:18:58.193]: NameResolver - to parse The specified JDK folder does not contain JDK.
[2016-09-22 14:19:00.201]: NameResolver - to parse The specified JDK folder does not contain JDK.
[2016-09-22 14:19:02.211]: NameResolver - to parse The specified JDK folder does not contain JDK.
[2016-09-22 14:19:04.220]: NameResolver - to parse The specified JDK folder does not contain JDK.
[2016-09-22 14:19:06.229]: NameResolver - to parse The specified JDK folder does not contain JDK.
[2016-09-22 14:19:08.239]: NameResolver - to parse The specified JDK folder does not contain JDK.
[2016-09-22 14:19:10.249]: NameResolver - to parse The specified JDK folder does not contain JDK.
[2016-09-22 14:19:12.258]: NameResolver - to parse The specified JDK folder does not contain JDK.
[2016-09-22 14:19:14.267]: NameResolver - to parse The specified JDK folder does not contain JDK.
[2016-09-22 14:19:16.276]: NameResolver - to parse The specified JDK folder does not contain JDK.
[2016-09-22 14:19:18.284]: NameResolver - to parse The specified JDK folder does not contain JDK.
[2016-09-22 14:19:20.293]: NameResolver - to parse The specified JDK folder does not contain JDK.
[2016-09-22 14:19:22.313]: NameResolver - to parse The specified JDK folder does not contain JDK.
[2016-09-22 14:19:24.321]: NameResolver - to parse The specified JDK folder does not contain JDK.
[2016-09-22 14:19:26.331]: NameResolver - to parse The specified JDK folder does not contain JDK.
[2016-09-22 14:19:28.340]: NameResolver - to parse The specified JDK folder does not contain JDK.
[2016-09-22 14:19:30.352]: NameResolver - to parse The specified JDK folder does not contain JDK.
[2016-09-22 14:19:32.360]: NameResolver - to parse The specified JDK folder does not contain JDK.
[2016-09-22 14:19:34.369]: NameResolver - to parse The specified JDK folder does not contain JDK.
[2016-09-22 14:19:36.377]: NameResolver - to parse The specified JDK folder does not contain JDK.
[2016-09-22 14:19:38.646]: NameResolver - to parse The specified JDK folder does not contain JDK.
[2016-09-22 14:19:40.655]: NameResolver - to parse The specified JDK folder does not contain JDK.
[2016-09-22 14:19:42.681]: NameResolver - to parse The specified JDK folder does not contain JDK.
[2016-09-22 14:19:44.691]: NameResolver - to parse The specified JDK folder does not contain JDK.
[2016-09-22 14:19:46.701]: NameResolver - to parse The specified JDK folder does not contain JDK.
[2016-09-22 14:19:48.711]: NameResolver - to parse The specified JDK folder does not contain JDK.
[2016-09-22 14:19:50.719]: NameResolver - to parse The specified JDK folder does not contain JDK.
[2016-09-22 14:19:52.728]: NameResolver - to parse The specified JDK folder does not contain JDK.
[2016-09-22 14:19:54.737]: NameResolver - to parse The specified JDK folder does not contain JDK.
[2016-09-22 14:19:56.747]: NameResolver - to parse The specified JDK folder does not contain JDK.
[2016-09-22 14:19:58.757]: NameResolver - to parse The specified JDK folder does not contain JDK.
[2016-09-22 14:20:00.767]: NameResolver - to parse The specified JDK folder does not contain JDK.
[2016-09-22 14:20:02.781]: NameResolver - to parse The specified JDK folder does not contain JDK.
[2016-09-22 14:20:04.795]: NameResolver - to parse The specified JDK folder does not contain JDK.
[2016-09-22 14:20:06.804]: NameResolver - to parse The specified JDK folder does not contain JDK.
[2016-09-22 14:20:07.460]: NameResolver - to parse Cancel
[2016-09-22 14:20:07.461]: NameResolver - to parse Are you sure you want to cancel?
[2016-09-22 14:20:07.461]: ... showing Yes/No dialog
[2016-09-22 14:20:07.461]:     title: Cancel
[2016-09-22 14:20:07.461]:     message: Are you sure you want to cancel?
[2016-09-22 14:20:08.408]: ... dialog closed, choice : yes
